
main:     file format elf32-littleriscv
main
architecture: riscv:rv32, flags 0x00000112:
EXEC_P, HAS_SYMS, D_PAGED
start address 0x00000000

Program Header:
    LOAD off    0x00001000 vaddr 0x00000000 paddr 0x00000000 align 2**12
         filesz 0x000002bc memsz 0x000002bc flags r-x
    LOAD off    0x00002000 vaddr 0x00010000 paddr 0x20000000 align 2**12
         filesz 0x00000230 memsz 0x00000230 flags r-x
    LOAD off    0x00003000 vaddr 0x20100000 paddr 0x20100000 align 2**12
         filesz 0x00000000 memsz 0x00001000 flags rw-
    LOAD off    0x00003000 vaddr 0x00020000 paddr 0x20101000 align 2**12
         filesz 0x00000004 memsz 0x00000008 flags rw-
    LOAD off    0x00003008 vaddr 0x00020008 paddr 0x20101004 align 2**12
         filesz 0x00000000 memsz 0x00001000 flags rw-

Sections:
Idx Name          Size      VMA       LMA       File off  Algn
  0 .text0        000002bc  00000000  00000000  00001000  2**2
                  CONTENTS, ALLOC, LOAD, READONLY, CODE
  1 .text1        00000220  00010000  20000000  00002000  2**2
                  CONTENTS, ALLOC, LOAD, READONLY, CODE
  2 .rodata       00000010  00010220  20000220  00002220  2**2
                  CONTENTS, ALLOC, LOAD, READONLY, DATA
  3 _test         00001000  20100000  20100000  00003000  2**0
                  ALLOC
  4 .sdata        00000004  00020000  20101000  00003000  2**2
                  CONTENTS, ALLOC, LOAD, DATA
  5 .data         00000000  00020004  20101004  00003004  2**0
                  CONTENTS, ALLOC, LOAD, DATA
  6 .bss          00000004  00020004  20101004  00003004  2**2
                  ALLOC
  7 .stack        00001000  00020008  20101004  00003008  2**0
                  ALLOC
  8 .comment      0000001a  00000000  00000000  00003004  2**0
                  CONTENTS, READONLY
SYMBOL TABLE:
00000000 l    d  .text0	00000000 .text0
00010000 l    d  .text1	00000000 .text1
00010220 l    d  .rodata	00000000 .rodata
20100000 l    d  _test	00000000 _test
00020000 l    d  .sdata	00000000 .sdata
00020004 l    d  .data	00000000 .data
00020004 l    d  .bss	00000000 .bss
00020008 l    d  .stack	00000000 .stack
00000000 l    d  .comment	00000000 .comment
00000000 l    df *ABS*	00000000 setup.o
00000084 l       .text0	00000000 init_bss
00000108 l       .text0	00000000 fill_block
0000009c l       .text0	00000000 init_sbss
000000b4 l       .text0	00000000 write_stack_pattern
000000cc l       .text0	00000000 init_stack
000000d4 l       .text0	00000000 write_test_pattern
000000ec l       .text0	00000000 SystemInit
000000f4 l       .text0	00000000 SystemExit
00000104 l       .text0	00000000 dead_loop
00000118 l       .text0	00000000 fb_end
00000000 l    df *ABS*	00000000 boot.c
00000000 l    df *ABS*	00000000 main.c
00020004 g     O .bss	00000004 copy_addr
20100000 g       _test	00000000 _test_start
20101004 g       *ABS*	00000000 __data_paddr_start
00010228 g       .rodata	00000000 sub1
00020000 g       _test	00000000 __sbss_start
00020800 g       .sdata	00000000 _gp
20101000 g       _test	00000000 _test_end
00010000 g       .text1	00000000 _imem_start
00001000 g       *ABS*	00000000 _TEST_SIZE
20101000 g       *ABS*	00000000 __sdata_paddr_start
00020000 g       .sdata	00000000 __sdata_start
00010230 g       .rodata	00000000 __rodata_end
00010220 g       .rodata	00000000 add1
0000011c g     F .text0	000001a0 boot
00020008 g       .bss	00000000 __bss_end
00010170 g     F .text1	00000054 trap_handler
00020000 g       _test	00000000 __sbss_end
00000000 g       .text0	00000000 _start
00010220 g       .rodata	00000000 __rodata_start
00010108 g     F .text1	00000034 timer_interrupt_handler
0001013c g     F .text1	00000034 external_interrupt_handler
00020004 g       .data	00000000 __data_end
20000000 g       .rodata	00000000 _dram_i_start
00020004 g       .bss	00000000 __bss_start
00001000 g       *ABS*	00000000 _STACK_SIZE
0002fffc g       .stack	00000000 _sim_end
000101c4 g     F .text1	0000005c main
00010000 g       .text1	00000000 trap_entry
00020008 g       .stack	00000000 _stack_end
00020004 g       .sdata	00000000 __sdata_end
20000230 g       .rodata	00000000 _dram_i_end
0001022c g       .rodata	00000000 sub2
00021008 g       .stack	00000000 __stack
00030000 g       .stack	00000000 _end
00010224 g       .rodata	00000000 add2
00021008 g       .stack	00000000 _stack
00020000 g     O .sdata	00000004 WDT_addr
00020004 g       .data	00000000 __data_start


Contents of section .text0:
 0000 93000000 13010000 93010000 13020000  ................
 0010 93020000 13030000 93030000 13040000  ................
 0020 93040000 13050000 93050000 13060000  ................
 0030 93060000 13070000 93070000 13080000  ................
 0040 93080000 13090000 93090000 130a0000  ................
 0050 930a0000 130b0000 930b0000 130c0000  ................
 0060 930c0000 130d0000 930d0000 130e0000  ................
 0070 930e0000 130f0000 930f0000 97010200  ................
 0080 93814178 17050200 130505f8 97050200  ..Ax............
 0090 938585f7 13060000 ef000007 17050200  ................
 00a0 130545f6 97050200 938585f5 13060000  ..E.............
 00b0 ef008005 17050200 130545f5 97150200  ..........E.....
 00c0 938585f4 13060000 ef000004 17110200  ................
 00d0 1301c1f3 17051020 1305c5f2 97151020  ....... ....... 
 00e0 938505f2 13060000 ef000002 ef000003  ................
 00f0 ef00410d 97020300 938282f0 1303f0ff  ..A.............
 0100 23a06200 6f000000 63e8a500 2320c500  #.b.o...c...# ..
 0110 13054500 6ff05fff 67800000 130101fe  ..E.o._.g.......
 0120 232e8100 13040102 b7070210 2326f4fe  #...........#&..
 0130 b71f0000 938f0f80 73904f30 8327c4fe  ........s.O0.'..
 0140 93870720 37070020 13070700 23a0e700  ... 7.. ....#...
 0150 8327c4fe 93870730 37070100 13070700  .'.....07.......
 0160 23a0e700 b7070020 13870723 b7070020  #...... ...#... 
 0170 93870700 b307f740 93d72740 13871700  .......@..'@....
 0180 8327c4fe 93870740 23a0e700 8327c4fe  .'.....@#....'..
 0190 93870710 13071000 23a0e700 73005010  ........#...s.P.
 01a0 8327c4fe 93870710 23a00700 b71f0000  .'......#.......
 01b0 938f0f80 73904f30 8327c4fe 93870720  ....s.O0.'..... 
 01c0 37171020 13074700 23a0e700 8327c4fe  7.. ..G.#....'..
 01d0 93870730 37070200 13074700 23a0e700  ...07.....G.#...
 01e0 b7070200 13874700 b7070200 93874700  ......G.......G.
 01f0 b307f740 93d72740 13871700 8327c4fe  ...@..'@.....'..
 0200 93870740 23a0e700 8327c4fe 93870710  ...@#....'......
 0210 13071000 23a0e700 73005010 8327c4fe  ....#...s.P..'..
 0220 93870710 23a00700 b71f0000 938f0f80  ....#...........
 0230 73904f30 8327c4fe 93870720 37171020  s.O0.'..... 7.. 
 0240 13070700 23a0e700 8327c4fe 93870730  ....#....'.....0
 0250 37070200 13070700 23a0e700 b7070200  7.......#.......
 0260 13874700 b7070200 93870700 b307f740  ..G............@
 0270 93d72740 13871700 8327c4fe 93870740  ..'@.....'.....@
 0280 23a0e700 8327c4fe 93870710 13071000  #....'..........
 0290 23a0e700 73005010 8327c4fe 93870710  #...s.P..'......
 02a0 23a00700 930f0000 73904f30 13000000  #.......s.O0....
 02b0 0324c101 13010102 67800000           .$......g...    
Contents of section .text1:
 10000 130141f8 23201100 23222100 23243100  ..A.# ..#"!.#$1.
 10010 23264100 23285100 232a6100 232c7100  #&A.#(Q.#*a.#,q.
 10020 232e8100 23209102 2322a102 2324b102  #...# ..#"..#$..
 10030 2326c102 2328d102 232ae102 232cf102  #&..#(..#*..#,..
 10040 232e0103 23201105 23222105 23243105  #...# ..#"!.#$1.
 10050 23264105 23285105 232a6105 232c7105  #&A.#(Q.#*a.#,q.
 10060 232e8105 23209107 2322a107 2324b107  #...# ..#"..#$..
 10070 2326c107 2328d107 232ae107 232cf107  #&..#(..#*..#,..
 10080 ef00000f 83200100 03214100 83218100  ..... ...!A..!..
 10090 0322c100 83220101 03234101 83238101  ."..."...#A..#..
 100a0 0324c101 83240102 03254102 83258102  .$...$...%A..%..
 100b0 0326c102 83260103 03274103 83278103  .&...&...'A..'..
 100c0 0328c103 83280104 03294104 83298104  .(...(...)A..)..
 100d0 032ac104 832a0105 032b4105 832b8105  .*...*...+A..+..
 100e0 032cc105 832c0106 032d4106 832d8106  .,...,...-A..-..
 100f0 032ec106 832e0107 032f4107 832f8107  ........./A../..
 10100 1301c107 73002030 130101ff 23268100  ....s. 0....#&..
 10110 13040101 73600030 b7070200 83a70700  ....s`.0........
 10120 93870710 23a00700 6ff09eed 13000000  ....#...o.......
 10130 0324c100 13010101 67800000 130101fe  .$......g.......
 10140 232e8100 13040102 b7070210 2326f4fe  #...........#&..
 10150 73600030 8327c4fe 93870710 23a00700  s`.0.'......#...
 10160 13000000 0324c101 13010102 67800000  .....$......g...
 10170 130101fe 232e1100 232c8100 13040102  ....#...#,......
 10180 f3274034 2326f4fe 8327c4fe 93f70708  .'@4#&...'......
 10190 63840700 eff05ff7 0327c4fe b7170000  c....._..'......
 101a0 93870780 b377f700 63840700 eff01ff9  .....w..c.......
 101b0 13000000 8320c101 03248101 13010102  ..... ...$......
 101c0 67800000 130101ff 23268100 13040101  g.......#&......
 101d0 b7070100 07a70722 b7070100 87a74722  ......."......G"
 101e0 d377f700 b7071020 27a0f700 b7070100  .w..... '.......
 101f0 07a78722 b7070100 87a7c722 b7071020  ..."......."... 
 10200 93874700 d377f708 27a0f700 93070000  ..G..w..'.......
 10210 13850700 0324c100 13010101 67800000  .....$......g...
Contents of section .rodata:
 10220 e744b442 11c7c7c2 e744b442 11c7c7c2  .D.B.....D.B....
Contents of section .sdata:
 20000 00000110                             ....            
Contents of section .comment:
 0000 4743433a 2028474e 55292037 2e312e31  GCC: (GNU) 7.1.1
 0010 20323031 37303530 3900                20170509.      

Disassembly of section .text0:

00000000 <_start>:
   0:	00000093          	li	ra,0
   4:	00000113          	li	sp,0
   8:	00000193          	li	gp,0
   c:	00000213          	li	tp,0
  10:	00000293          	li	t0,0
  14:	00000313          	li	t1,0
  18:	00000393          	li	t2,0
  1c:	00000413          	li	s0,0
  20:	00000493          	li	s1,0
  24:	00000513          	li	a0,0
  28:	00000593          	li	a1,0
  2c:	00000613          	li	a2,0
  30:	00000693          	li	a3,0
  34:	00000713          	li	a4,0
  38:	00000793          	li	a5,0
  3c:	00000813          	li	a6,0
  40:	00000893          	li	a7,0
  44:	00000913          	li	s2,0
  48:	00000993          	li	s3,0
  4c:	00000a13          	li	s4,0
  50:	00000a93          	li	s5,0
  54:	00000b13          	li	s6,0
  58:	00000b93          	li	s7,0
  5c:	00000c13          	li	s8,0
  60:	00000c93          	li	s9,0
  64:	00000d13          	li	s10,0
  68:	00000d93          	li	s11,0
  6c:	00000e13          	li	t3,0
  70:	00000e93          	li	t4,0
  74:	00000f13          	li	t5,0
  78:	00000f93          	li	t6,0
  7c:	00020197          	auipc	gp,0x20
  80:	78418193          	addi	gp,gp,1924 # 20800 <_gp>

00000084 <init_bss>:
  84:	00020517          	auipc	a0,0x20
  88:	f8050513          	addi	a0,a0,-128 # 20004 <__sdata_end>
  8c:	00020597          	auipc	a1,0x20
  90:	f7858593          	addi	a1,a1,-136 # 20004 <__sdata_end>
  94:	00000613          	li	a2,0
  98:	070000ef          	jal	ra,108 <fill_block>

0000009c <init_sbss>:
  9c:	00020517          	auipc	a0,0x20
  a0:	f6450513          	addi	a0,a0,-156 # 20000 <__sbss_end>
  a4:	00020597          	auipc	a1,0x20
  a8:	f5858593          	addi	a1,a1,-168 # 1fffc <__rodata_end+0xfdcc>
  ac:	00000613          	li	a2,0
  b0:	058000ef          	jal	ra,108 <fill_block>

000000b4 <write_stack_pattern>:
  b4:	00020517          	auipc	a0,0x20
  b8:	f5450513          	addi	a0,a0,-172 # 20008 <__bss_end>
  bc:	00021597          	auipc	a1,0x21
  c0:	f4858593          	addi	a1,a1,-184 # 21004 <_gp+0x804>
  c4:	00000613          	li	a2,0
  c8:	040000ef          	jal	ra,108 <fill_block>

000000cc <init_stack>:
  cc:	00021117          	auipc	sp,0x21
  d0:	f3c10113          	addi	sp,sp,-196 # 21008 <__stack>

000000d4 <write_test_pattern>:
  d4:	20100517          	auipc	a0,0x20100
  d8:	f2c50513          	addi	a0,a0,-212 # 20100000 <_test_start>
  dc:	20101597          	auipc	a1,0x20101
  e0:	f2058593          	addi	a1,a1,-224 # 20100ffc <_test_start+0xffc>
  e4:	00000613          	li	a2,0
  e8:	020000ef          	jal	ra,108 <fill_block>

000000ec <SystemInit>:
  ec:	030000ef          	jal	ra,11c <boot>
  f0:	0d4100ef          	jal	ra,101c4 <main>

000000f4 <SystemExit>:
  f4:	00030297          	auipc	t0,0x30
  f8:	f0828293          	addi	t0,t0,-248 # 2fffc <_sim_end>
  fc:	fff00313          	li	t1,-1
 100:	0062a023          	sw	t1,0(t0)

00000104 <dead_loop>:
 104:	0000006f          	j	104 <dead_loop>

00000108 <fill_block>:
 108:	00a5e863          	bltu	a1,a0,118 <fb_end>
 10c:	00c52023          	sw	a2,0(a0)
 110:	00450513          	addi	a0,a0,4
 114:	ff5ff06f          	j	108 <fill_block>

00000118 <fb_end>:
 118:	00008067          	ret

0000011c <boot>:
 11c:	fe010113          	addi	sp,sp,-32
 120:	00812e23          	sw	s0,28(sp)
 124:	02010413          	addi	s0,sp,32
 128:	100207b7          	lui	a5,0x10020
 12c:	fef42623          	sw	a5,-20(s0)
 130:	00001fb7          	lui	t6,0x1
 134:	800f8f93          	addi	t6,t6,-2048 # 800 <boot+0x6e4>
 138:	304f9073          	csrw	mie,t6
 13c:	fec42783          	lw	a5,-20(s0)
 140:	20078793          	addi	a5,a5,512 # 10020200 <_end+0xfff0200>
 144:	20000737          	lui	a4,0x20000
 148:	00070713          	mv	a4,a4
 14c:	00e7a023          	sw	a4,0(a5)
 150:	fec42783          	lw	a5,-20(s0)
 154:	30078793          	addi	a5,a5,768
 158:	00010737          	lui	a4,0x10
 15c:	00070713          	mv	a4,a4
 160:	00e7a023          	sw	a4,0(a5)
 164:	200007b7          	lui	a5,0x20000
 168:	23078713          	addi	a4,a5,560 # 20000230 <_dram_i_end>
 16c:	200007b7          	lui	a5,0x20000
 170:	00078793          	mv	a5,a5
 174:	40f707b3          	sub	a5,a4,a5
 178:	4027d793          	srai	a5,a5,0x2
 17c:	00178713          	addi	a4,a5,1 # 20000001 <_dram_i_start+0x1>
 180:	fec42783          	lw	a5,-20(s0)
 184:	40078793          	addi	a5,a5,1024
 188:	00e7a023          	sw	a4,0(a5)
 18c:	fec42783          	lw	a5,-20(s0)
 190:	10078793          	addi	a5,a5,256
 194:	00100713          	li	a4,1
 198:	00e7a023          	sw	a4,0(a5)
 19c:	10500073          	wfi
 1a0:	fec42783          	lw	a5,-20(s0)
 1a4:	10078793          	addi	a5,a5,256
 1a8:	0007a023          	sw	zero,0(a5)
 1ac:	00001fb7          	lui	t6,0x1
 1b0:	800f8f93          	addi	t6,t6,-2048 # 800 <boot+0x6e4>
 1b4:	304f9073          	csrw	mie,t6
 1b8:	fec42783          	lw	a5,-20(s0)
 1bc:	20078793          	addi	a5,a5,512
 1c0:	20101737          	lui	a4,0x20101
 1c4:	00470713          	addi	a4,a4,4 # 20101004 <__data_paddr_start>
 1c8:	00e7a023          	sw	a4,0(a5)
 1cc:	fec42783          	lw	a5,-20(s0)
 1d0:	30078793          	addi	a5,a5,768
 1d4:	00020737          	lui	a4,0x20
 1d8:	00470713          	addi	a4,a4,4 # 20004 <__sdata_end>
 1dc:	00e7a023          	sw	a4,0(a5)
 1e0:	000207b7          	lui	a5,0x20
 1e4:	00478713          	addi	a4,a5,4 # 20004 <__sdata_end>
 1e8:	000207b7          	lui	a5,0x20
 1ec:	00478793          	addi	a5,a5,4 # 20004 <__sdata_end>
 1f0:	40f707b3          	sub	a5,a4,a5
 1f4:	4027d793          	srai	a5,a5,0x2
 1f8:	00178713          	addi	a4,a5,1
 1fc:	fec42783          	lw	a5,-20(s0)
 200:	40078793          	addi	a5,a5,1024
 204:	00e7a023          	sw	a4,0(a5)
 208:	fec42783          	lw	a5,-20(s0)
 20c:	10078793          	addi	a5,a5,256
 210:	00100713          	li	a4,1
 214:	00e7a023          	sw	a4,0(a5)
 218:	10500073          	wfi
 21c:	fec42783          	lw	a5,-20(s0)
 220:	10078793          	addi	a5,a5,256
 224:	0007a023          	sw	zero,0(a5)
 228:	00001fb7          	lui	t6,0x1
 22c:	800f8f93          	addi	t6,t6,-2048 # 800 <boot+0x6e4>
 230:	304f9073          	csrw	mie,t6
 234:	fec42783          	lw	a5,-20(s0)
 238:	20078793          	addi	a5,a5,512
 23c:	20101737          	lui	a4,0x20101
 240:	00070713          	mv	a4,a4
 244:	00e7a023          	sw	a4,0(a5)
 248:	fec42783          	lw	a5,-20(s0)
 24c:	30078793          	addi	a5,a5,768
 250:	00020737          	lui	a4,0x20
 254:	00070713          	mv	a4,a4
 258:	00e7a023          	sw	a4,0(a5)
 25c:	000207b7          	lui	a5,0x20
 260:	00478713          	addi	a4,a5,4 # 20004 <__sdata_end>
 264:	000207b7          	lui	a5,0x20
 268:	00078793          	mv	a5,a5
 26c:	40f707b3          	sub	a5,a4,a5
 270:	4027d793          	srai	a5,a5,0x2
 274:	00178713          	addi	a4,a5,1 # 20001 <__sbss_end+0x1>
 278:	fec42783          	lw	a5,-20(s0)
 27c:	40078793          	addi	a5,a5,1024
 280:	00e7a023          	sw	a4,0(a5)
 284:	fec42783          	lw	a5,-20(s0)
 288:	10078793          	addi	a5,a5,256
 28c:	00100713          	li	a4,1
 290:	00e7a023          	sw	a4,0(a5)
 294:	10500073          	wfi
 298:	fec42783          	lw	a5,-20(s0)
 29c:	10078793          	addi	a5,a5,256
 2a0:	0007a023          	sw	zero,0(a5)
 2a4:	00000f93          	li	t6,0
 2a8:	304f9073          	csrw	mie,t6
 2ac:	00000013          	nop
 2b0:	01c12403          	lw	s0,28(sp)
 2b4:	02010113          	addi	sp,sp,32
 2b8:	00008067          	ret

Disassembly of section .text1:

00010000 <_imem_start>:
   10000:	f8410113          	addi	sp,sp,-124
   10004:	00112023          	sw	ra,0(sp)
   10008:	00212223          	sw	sp,4(sp)
   1000c:	00312423          	sw	gp,8(sp)
   10010:	00412623          	sw	tp,12(sp)
   10014:	00512823          	sw	t0,16(sp)
   10018:	00612a23          	sw	t1,20(sp)
   1001c:	00712c23          	sw	t2,24(sp)
   10020:	00812e23          	sw	s0,28(sp)
   10024:	02912023          	sw	s1,32(sp)
   10028:	02a12223          	sw	a0,36(sp)
   1002c:	02b12423          	sw	a1,40(sp)
   10030:	02c12623          	sw	a2,44(sp)
   10034:	02d12823          	sw	a3,48(sp)
   10038:	02e12a23          	sw	a4,52(sp)
   1003c:	02f12c23          	sw	a5,56(sp)
   10040:	03012e23          	sw	a6,60(sp)
   10044:	05112023          	sw	a7,64(sp)
   10048:	05212223          	sw	s2,68(sp)
   1004c:	05312423          	sw	s3,72(sp)
   10050:	05412623          	sw	s4,76(sp)
   10054:	05512823          	sw	s5,80(sp)
   10058:	05612a23          	sw	s6,84(sp)
   1005c:	05712c23          	sw	s7,88(sp)
   10060:	05812e23          	sw	s8,92(sp)
   10064:	07912023          	sw	s9,96(sp)
   10068:	07a12223          	sw	s10,100(sp)
   1006c:	07b12423          	sw	s11,104(sp)
   10070:	07c12623          	sw	t3,108(sp)
   10074:	07d12823          	sw	t4,112(sp)
   10078:	07e12a23          	sw	t5,116(sp)
   1007c:	07f12c23          	sw	t6,120(sp)
   10080:	0f0000ef          	jal	ra,10170 <trap_handler>
   10084:	00012083          	lw	ra,0(sp)
   10088:	00412103          	lw	sp,4(sp)
   1008c:	00812183          	lw	gp,8(sp)
   10090:	00c12203          	lw	tp,12(sp)
   10094:	01012283          	lw	t0,16(sp)
   10098:	01412303          	lw	t1,20(sp)
   1009c:	01812383          	lw	t2,24(sp)
   100a0:	01c12403          	lw	s0,28(sp)
   100a4:	02012483          	lw	s1,32(sp)
   100a8:	02412503          	lw	a0,36(sp)
   100ac:	02812583          	lw	a1,40(sp)
   100b0:	02c12603          	lw	a2,44(sp)
   100b4:	03012683          	lw	a3,48(sp)
   100b8:	03412703          	lw	a4,52(sp)
   100bc:	03812783          	lw	a5,56(sp)
   100c0:	03c12803          	lw	a6,60(sp)
   100c4:	04012883          	lw	a7,64(sp)
   100c8:	04412903          	lw	s2,68(sp)
   100cc:	04812983          	lw	s3,72(sp)
   100d0:	04c12a03          	lw	s4,76(sp)
   100d4:	05012a83          	lw	s5,80(sp)
   100d8:	05412b03          	lw	s6,84(sp)
   100dc:	05812b83          	lw	s7,88(sp)
   100e0:	05c12c03          	lw	s8,92(sp)
   100e4:	06012c83          	lw	s9,96(sp)
   100e8:	06412d03          	lw	s10,100(sp)
   100ec:	06812d83          	lw	s11,104(sp)
   100f0:	06c12e03          	lw	t3,108(sp)
   100f4:	07012e83          	lw	t4,112(sp)
   100f8:	07412f03          	lw	t5,116(sp)
   100fc:	07812f83          	lw	t6,120(sp)
   10100:	07c10113          	addi	sp,sp,124
   10104:	30200073          	mret

00010108 <timer_interrupt_handler>:
   10108:	ff010113          	addi	sp,sp,-16
   1010c:	00812623          	sw	s0,12(sp)
   10110:	01010413          	addi	s0,sp,16
   10114:	30006073          	csrsi	mstatus,0
   10118:	000207b7          	lui	a5,0x20
   1011c:	0007a783          	lw	a5,0(a5) # 20000 <__sbss_end>
   10120:	10078793          	addi	a5,a5,256
   10124:	0007a023          	sw	zero,0(a5)
   10128:	ed9ef06f          	j	0 <_start>
   1012c:	00000013          	nop
   10130:	00c12403          	lw	s0,12(sp)
   10134:	01010113          	addi	sp,sp,16
   10138:	00008067          	ret

0001013c <external_interrupt_handler>:
   1013c:	fe010113          	addi	sp,sp,-32
   10140:	00812e23          	sw	s0,28(sp)
   10144:	02010413          	addi	s0,sp,32
   10148:	100207b7          	lui	a5,0x10020
   1014c:	fef42623          	sw	a5,-20(s0)
   10150:	30006073          	csrsi	mstatus,0
   10154:	fec42783          	lw	a5,-20(s0)
   10158:	10078793          	addi	a5,a5,256 # 10020100 <_end+0xfff0100>
   1015c:	0007a023          	sw	zero,0(a5)
   10160:	00000013          	nop
   10164:	01c12403          	lw	s0,28(sp)
   10168:	02010113          	addi	sp,sp,32
   1016c:	00008067          	ret

00010170 <trap_handler>:
   10170:	fe010113          	addi	sp,sp,-32
   10174:	00112e23          	sw	ra,28(sp)
   10178:	00812c23          	sw	s0,24(sp)
   1017c:	02010413          	addi	s0,sp,32
   10180:	344027f3          	csrr	a5,mip
   10184:	fef42623          	sw	a5,-20(s0)
   10188:	fec42783          	lw	a5,-20(s0)
   1018c:	0807f793          	andi	a5,a5,128
   10190:	00078463          	beqz	a5,10198 <trap_handler+0x28>
   10194:	f75ff0ef          	jal	ra,10108 <timer_interrupt_handler>
   10198:	fec42703          	lw	a4,-20(s0)
   1019c:	000017b7          	lui	a5,0x1
   101a0:	80078793          	addi	a5,a5,-2048 # 800 <boot+0x6e4>
   101a4:	00f777b3          	and	a5,a4,a5
   101a8:	00078463          	beqz	a5,101b0 <trap_handler+0x40>
   101ac:	f91ff0ef          	jal	ra,1013c <external_interrupt_handler>
   101b0:	00000013          	nop
   101b4:	01c12083          	lw	ra,28(sp)
   101b8:	01812403          	lw	s0,24(sp)
   101bc:	02010113          	addi	sp,sp,32
   101c0:	00008067          	ret

000101c4 <main>:
   101c4:	ff010113          	addi	sp,sp,-16
   101c8:	00812623          	sw	s0,12(sp)
   101cc:	01010413          	addi	s0,sp,16
   101d0:	000107b7          	lui	a5,0x10
   101d4:	2207a707          	flw	fa4,544(a5) # 10220 <__rodata_start>
   101d8:	000107b7          	lui	a5,0x10
   101dc:	2247a787          	flw	fa5,548(a5) # 10224 <add2>
   101e0:	00f777d3          	fadd.s	fa5,fa4,fa5
   101e4:	201007b7          	lui	a5,0x20100
   101e8:	00f7a027          	fsw	fa5,0(a5) # 20100000 <_test_start>
   101ec:	000107b7          	lui	a5,0x10
   101f0:	2287a707          	flw	fa4,552(a5) # 10228 <sub1>
   101f4:	000107b7          	lui	a5,0x10
   101f8:	22c7a787          	flw	fa5,556(a5) # 1022c <sub2>
   101fc:	201007b7          	lui	a5,0x20100
   10200:	00478793          	addi	a5,a5,4 # 20100004 <_test_start+0x4>
   10204:	08f777d3          	fsub.s	fa5,fa4,fa5
   10208:	00f7a027          	fsw	fa5,0(a5)
   1020c:	00000793          	li	a5,0
   10210:	00078513          	mv	a0,a5
   10214:	00c12403          	lw	s0,12(sp)
   10218:	01010113          	addi	sp,sp,16
   1021c:	00008067          	ret
