
Out8.o:     file format elf32-littleriscv
Out8.o
architecture: riscv:rv32, flags 0x00000010:
HAS_SYMS
start address 0x00000000

Sections:
Idx Name          Size      VMA       LMA       File off  Algn
  0 .data         00003c80  00000000  00000000  00000034  2**0
                  CONTENTS, ALLOC, LOAD, DATA
SYMBOL TABLE:
00000000 l    d  .data	00000000 .data
00000000 g       .data	00000000 _binary_Out8_dat_start
00003c80 g       .data	00000000 _binary_Out8_dat_end
00003c80 g       *ABS*	00000000 _binary_Out8_dat_size


Contents of section .data:
 0000 b0000000 b0000000 b0000000 b0000000  ................
 0010 b0000000 b0000000 b0000000 b0000000  ................
 0020 b0000000 b0000000 b0000000 b0000000  ................
 0030 b0000000 b0000000 b0000000 b0000000  ................
 0040 b0000000 b0000000 b0000000 b0000000  ................
 0050 b0000000 b0000000 b0000000 b0000000  ................
 0060 b0000000 b0000000 b0000000 b0000000  ................
 0070 b0000000 b0000000 b0000000 b0000000  ................
 0080 b0000000 b0000000 b0000000 b0000000  ................
 0090 b0000000 b0000000 b0000000 b0000000  ................
 00a0 b0000000 b0000000 b0000000 b0000000  ................
 00b0 b0000000 b0000000 b0000000 b0000000  ................
 00c0 b0000000 b0000000 b0000000 b0000000  ................
 00d0 b0000000 b0000000 b0000000 b0000000  ................
 00e0 b0000000 b0000000 b0000000 b0000000  ................
 00f0 b0000000 b0000000 b0000000 b0000000  ................
 0100 b0000000 b0000000 b0000000 b0000000  ................
 0110 b0000000 b0000000 b0000000 b0000000  ................
 0120 b0000000 b0000000 b0000000 b0000000  ................
 0130 b0000000 b0000000 b0000000 b0000000  ................
 0140 b0000000 b0000000 b0000000 b0000000  ................
 0150 b0000000 b0000000 b0000000 b0000000  ................
 0160 b0000000 b0000000 b0000000 b0000000  ................
 0170 b0000000 b0000000 b0000000 b0000000  ................
 0180 b0000000 b0000000 b0000000 b0000000  ................
 0190 b0000000 b0000000 b0000000 b0000000  ................
 01a0 b0000000 b0000000 b0000000 b0000000  ................
 01b0 b0000000 b0000000 b0000000 b0000000  ................
 01c0 b0000000 b0000000 b0000000 b0000000  ................
 01d0 b0000000 b0000000 b0000000 b0000000  ................
 01e0 b0000000 b0000000 b0000000 b0000000  ................
 01f0 b0000000 b0000000 b0000000 b0000000  ................
 0200 b0000000 b0000000 b0000000 b0000000  ................
 0210 b0000000 b0000000 b0000000 b0000000  ................
 0220 b0000000 b0000000 b0000000 b0000000  ................
 0230 b0000000 b0000000 b0000000 b0000000  ................
 0240 b0000000 b0000000 b0000000 b0000000  ................
 0250 b0000000 b0000000 b0000000 b0000000  ................
 0260 b0000000 b0000000 b0000000 b0000000  ................
 0270 b0000000 b0000000 b0000000 b0000000  ................
 0280 b0000000 b0000000 b0000000 b0000000  ................
 0290 b0000000 b0000000 b0000000 b0000000  ................
 02a0 b0000000 b0000000 b0000000 b0000000  ................
 02b0 b0000000 b0000000 b0000000 b0000000  ................
 02c0 b0000000 b0000000 b0000000 b0000000  ................
 02d0 b0000000 b0000000 b0000000 b0000000  ................
 02e0 b0000000 b0000000 b0000000 b0000000  ................
 02f0 b0000000 b0000000 b0000000 b0000000  ................
 0300 b0000000 b0000000 b0000000 b0000000  ................
 0310 b0000000 b0000000 b0000000 b0000000  ................
 0320 b0000000 b0000000 b0000000 b0000000  ................
 0330 b0000000 b0000000 b0000000 b0000000  ................
 0340 b0000000 b0000000 b0000000 b0000000  ................
 0350 b0000000 b0000000 b0000000 b0000000  ................
 0360 b0000000 b0000000 b0000000 b0000000  ................
 0370 b0000000 b0000000 b0000000 b0000000  ................
 0380 b0000000 b0000000 b0000000 b0000000  ................
 0390 b0000000 b0000000 b0000000 b0000000  ................
 03a0 b0000000 b0000000 b0000000 b0000000  ................
 03b0 b0000000 b0000000 b0000000 b0000000  ................
 03c0 b0000000 b0000000 b0000000 b0000000  ................
 03d0 b0000000 b0000000 b0000000 b0000000  ................
 03e0 b0000000 b0000000 b0000000 b0000000  ................
 03f0 b0000000 b0000000 b0000000 b0000000  ................
 0400 b0000000 b0000000 b0000000 b0000000  ................
 0410 b0000000 b0000000 b0000000 b0000000  ................
 0420 b0000000 b0000000 b0000000 b0000000  ................
 0430 b0000000 b0000000 b0000000 b0000000  ................
 0440 b0000000 b0000000 b0000000 b0000000  ................
 0450 b0000000 b0000000 b0000000 b0000000  ................
 0460 b0000000 b0000000 b0000000 b0000000  ................
 0470 b0000000 b0000000 b0000000 b0000000  ................
 0480 b0000000 b0000000 b0000000 b0000000  ................
 0490 b0000000 b0000000 b0000000 b0000000  ................
 04a0 b0000000 b0000000 b0000000 b0000000  ................
 04b0 b0000000 b0000000 b0000000 b0000000  ................
 04c0 b0000000 b0000000 b0000000 b0000000  ................
 04d0 b0000000 b0000000 b0000000 b0000000  ................
 04e0 b0000000 b0000000 b0000000 b0000000  ................
 04f0 b0000000 b0000000 b0000000 b0000000  ................
 0500 b0000000 b0000000 b0000000 b0000000  ................
 0510 b0000000 b0000000 b0000000 b0000000  ................
 0520 b0000000 b0000000 b0000000 b0000000  ................
 0530 b0000000 b0000000 b0000000 b0000000  ................
 0540 b0000000 b0000000 b0000000 b0000000  ................
 0550 b0000000 b0000000 b0000000 b0000000  ................
 0560 b0000000 b0000000 b0000000 b0000000  ................
 0570 b0000000 b0000000 b0000000 b0000000  ................
 0580 b0000000 b0000000 b0000000 b0000000  ................
 0590 b0000000 b0000000 b0000000 b0000000  ................
 05a0 b0000000 b0000000 b0000000 b0000000  ................
 05b0 b0000000 b0000000 b0000000 b0000000  ................
 05c0 b0000000 b0000000 b0000000 b0000000  ................
 05d0 b0000000 b0000000 b0000000 b0000000  ................
 05e0 b0000000 b0000000 b0000000 b0000000  ................
 05f0 b0000000 b0000000 b0000000 b0000000  ................
 0600 b0000000 b0000000 b0000000 b0000000  ................
 0610 b0000000 b0000000 b0000000 b0000000  ................
 0620 b0000000 b0000000 b0000000 b0000000  ................
 0630 b0000000 b0000000 b0000000 b0000000  ................
 0640 b0000000 b0000000 b0000000 b0000000  ................
 0650 b0000000 b0000000 b0000000 b0000000  ................
 0660 b0000000 b0000000 b0000000 b0000000  ................
 0670 b0000000 b0000000 b0000000 b0000000  ................
 0680 b0000000 b0000000 b0000000 b0000000  ................
 0690 b0000000 b0000000 b0000000 b0000000  ................
 06a0 b0000000 b0000000 b0000000 b0000000  ................
 06b0 b0000000 b0000000 b0000000 b0000000  ................
 06c0 b0000000 b0000000 b0000000 b0000000  ................
 06d0 b0000000 b0000000 b0000000 b0000000  ................
 06e0 b0000000 b0000000 b0000000 b0000000  ................
 06f0 b0000000 b0000000 b0000000 b0000000  ................
 0700 b0000000 b0000000 b0000000 b0000000  ................
 0710 b0000000 b0000000 b0000000 b0000000  ................
 0720 b0000000 b0000000 b0000000 b0000000  ................
 0730 b0000000 b0000000 b0000000 b0000000  ................
 0740 b0000000 b0000000 b0000000 b0000000  ................
 0750 b0000000 b0000000 b0000000 b0000000  ................
 0760 b0000000 b0000000 b0000000 b0000000  ................
 0770 b0000000 b0000000 b0000000 b0000000  ................
 0780 b0000000 b0000000 b0000000 b0000000  ................
 0790 eb000000 eb000000 eb000000 eb000000  ................
 07a0 eb000000 eb000000 eb000000 eb000000  ................
 07b0 eb000000 eb000000 eb000000 eb000000  ................
 07c0 eb000000 eb000000 eb000000 eb000000  ................
 07d0 eb000000 eb000000 eb000000 eb000000  ................
 07e0 eb000000 eb000000 eb000000 eb000000  ................
 07f0 eb000000 eb000000 eb000000 eb000000  ................
 0800 eb000000 eb000000 eb000000 eb000000  ................
 0810 eb000000 eb000000 eb000000 eb000000  ................
 0820 eb000000 eb000000 eb000000 eb000000  ................
 0830 eb000000 eb000000 eb000000 eb000000  ................
 0840 eb000000 eb000000 eb000000 eb000000  ................
 0850 eb000000 eb000000 eb000000 eb000000  ................
 0860 eb000000 eb000000 eb000000 eb000000  ................
 0870 eb000000 eb000000 eb000000 eb000000  ................
 0880 eb000000 eb000000 eb000000 eb000000  ................
 0890 eb000000 eb000000 eb000000 eb000000  ................
 08a0 eb000000 eb000000 eb000000 eb000000  ................
 08b0 eb000000 eb000000 eb000000 eb000000  ................
 08c0 eb000000 eb000000 eb000000 eb000000  ................
 08d0 eb000000 eb000000 eb000000 eb000000  ................
 08e0 eb000000 eb000000 eb000000 eb000000  ................
 08f0 eb000000 eb000000 eb000000 eb000000  ................
 0900 eb000000 eb000000 eb000000 eb000000  ................
 0910 eb000000 eb000000 eb000000 eb000000  ................
 0920 eb000000 eb000000 eb000000 eb000000  ................
 0930 eb000000 eb000000 eb000000 eb000000  ................
 0940 eb000000 eb000000 eb000000 eb000000  ................
 0950 eb000000 eb000000 eb000000 eb000000  ................
 0960 eb000000 eb000000 eb000000 eb000000  ................
 0970 eb000000 eb000000 eb000000 eb000000  ................
 0980 eb000000 eb000000 eb000000 eb000000  ................
 0990 eb000000 eb000000 eb000000 eb000000  ................
 09a0 eb000000 eb000000 eb000000 eb000000  ................
 09b0 eb000000 eb000000 eb000000 eb000000  ................
 09c0 eb000000 eb000000 eb000000 eb000000  ................
 09d0 eb000000 eb000000 eb000000 eb000000  ................
 09e0 eb000000 eb000000 eb000000 eb000000  ................
 09f0 eb000000 eb000000 eb000000 eb000000  ................
 0a00 eb000000 eb000000 eb000000 eb000000  ................
 0a10 eb000000 eb000000 eb000000 eb000000  ................
 0a20 eb000000 eb000000 eb000000 eb000000  ................
 0a30 eb000000 eb000000 eb000000 eb000000  ................
 0a40 eb000000 eb000000 eb000000 eb000000  ................
 0a50 eb000000 eb000000 eb000000 eb000000  ................
 0a60 eb000000 eb000000 eb000000 eb000000  ................
 0a70 eb000000 eb000000 eb000000 eb000000  ................
 0a80 eb000000 eb000000 eb000000 eb000000  ................
 0a90 eb000000 eb000000 eb000000 eb000000  ................
 0aa0 eb000000 eb000000 eb000000 eb000000  ................
 0ab0 eb000000 eb000000 eb000000 eb000000  ................
 0ac0 eb000000 eb000000 eb000000 eb000000  ................
 0ad0 eb000000 eb000000 eb000000 eb000000  ................
 0ae0 eb000000 eb000000 eb000000 eb000000  ................
 0af0 eb000000 eb000000 eb000000 eb000000  ................
 0b00 eb000000 eb000000 eb000000 eb000000  ................
 0b10 eb000000 eb000000 eb000000 eb000000  ................
 0b20 eb000000 eb000000 eb000000 eb000000  ................
 0b30 eb000000 eb000000 eb000000 eb000000  ................
 0b40 eb000000 eb000000 eb000000 eb000000  ................
 0b50 eb000000 eb000000 eb000000 eb000000  ................
 0b60 eb000000 eb000000 eb000000 eb000000  ................
 0b70 eb000000 eb000000 eb000000 eb000000  ................
 0b80 eb000000 eb000000 eb000000 eb000000  ................
 0b90 eb000000 eb000000 eb000000 eb000000  ................
 0ba0 eb000000 eb000000 eb000000 eb000000  ................
 0bb0 eb000000 eb000000 eb000000 eb000000  ................
 0bc0 eb000000 eb000000 eb000000 eb000000  ................
 0bd0 eb000000 eb000000 eb000000 eb000000  ................
 0be0 eb000000 eb000000 eb000000 eb000000  ................
 0bf0 eb000000 eb000000 eb000000 eb000000  ................
 0c00 eb000000 eb000000 eb000000 eb000000  ................
 0c10 eb000000 eb000000 eb000000 eb000000  ................
 0c20 eb000000 eb000000 eb000000 eb000000  ................
 0c30 eb000000 eb000000 eb000000 eb000000  ................
 0c40 eb000000 eb000000 eb000000 eb000000  ................
 0c50 eb000000 eb000000 eb000000 eb000000  ................
 0c60 eb000000 eb000000 eb000000 eb000000  ................
 0c70 eb000000 eb000000 eb000000 eb000000  ................
 0c80 eb000000 eb000000 eb000000 eb000000  ................
 0c90 eb000000 eb000000 eb000000 eb000000  ................
 0ca0 eb000000 eb000000 eb000000 eb000000  ................
 0cb0 eb000000 eb000000 eb000000 eb000000  ................
 0cc0 eb000000 eb000000 eb000000 eb000000  ................
 0cd0 eb000000 eb000000 eb000000 eb000000  ................
 0ce0 eb000000 eb000000 eb000000 eb000000  ................
 0cf0 eb000000 eb000000 eb000000 eb000000  ................
 0d00 eb000000 eb000000 eb000000 eb000000  ................
 0d10 eb000000 eb000000 eb000000 eb000000  ................
 0d20 eb000000 eb000000 eb000000 eb000000  ................
 0d30 eb000000 eb000000 eb000000 eb000000  ................
 0d40 eb000000 eb000000 eb000000 eb000000  ................
 0d50 eb000000 eb000000 eb000000 eb000000  ................
 0d60 eb000000 eb000000 eb000000 eb000000  ................
 0d70 eb000000 eb000000 eb000000 eb000000  ................
 0d80 eb000000 eb000000 eb000000 eb000000  ................
 0d90 eb000000 eb000000 eb000000 eb000000  ................
 0da0 eb000000 eb000000 eb000000 eb000000  ................
 0db0 eb000000 eb000000 eb000000 eb000000  ................
 0dc0 eb000000 eb000000 eb000000 eb000000  ................
 0dd0 eb000000 eb000000 eb000000 eb000000  ................
 0de0 eb000000 eb000000 eb000000 eb000000  ................
 0df0 eb000000 eb000000 eb000000 eb000000  ................
 0e00 eb000000 eb000000 eb000000 eb000000  ................
 0e10 eb000000 eb000000 eb000000 eb000000  ................
 0e20 eb000000 eb000000 eb000000 eb000000  ................
 0e30 eb000000 eb000000 eb000000 eb000000  ................
 0e40 eb000000 eb000000 eb000000 eb000000  ................
 0e50 eb000000 eb000000 eb000000 eb000000  ................
 0e60 eb000000 eb000000 eb000000 eb000000  ................
 0e70 eb000000 eb000000 eb000000 eb000000  ................
 0e80 eb000000 eb000000 eb000000 eb000000  ................
 0e90 eb000000 eb000000 eb000000 eb000000  ................
 0ea0 eb000000 eb000000 eb000000 eb000000  ................
 0eb0 eb000000 eb000000 eb000000 eb000000  ................
 0ec0 eb000000 eb000000 eb000000 eb000000  ................
 0ed0 eb000000 eb000000 eb000000 eb000000  ................
 0ee0 eb000000 eb000000 eb000000 eb000000  ................
 0ef0 eb000000 eb000000 eb000000 eb000000  ................
 0f00 eb000000 eb000000 eb000000 eb000000  ................
 0f10 eb000000 eb000000 eb000000 eb000000  ................
 0f20 fb000000 fb000000 fb000000 fb000000  ................
 0f30 fb000000 fb000000 fb000000 fb000000  ................
 0f40 fb000000 fb000000 fb000000 fb000000  ................
 0f50 fb000000 fb000000 fb000000 fb000000  ................
 0f60 fb000000 fb000000 fb000000 fb000000  ................
 0f70 fb000000 fb000000 fb000000 fb000000  ................
 0f80 fb000000 fb000000 fb000000 fb000000  ................
 0f90 fb000000 fb000000 fb000000 fb000000  ................
 0fa0 fb000000 fb000000 fb000000 fb000000  ................
 0fb0 fb000000 fb000000 fb000000 fb000000  ................
 0fc0 fb000000 fb000000 fb000000 fb000000  ................
 0fd0 fb000000 fb000000 fb000000 fb000000  ................
 0fe0 fb000000 fb000000 fb000000 fb000000  ................
 0ff0 fb000000 fb000000 fb000000 fb000000  ................
 1000 fb000000 fb000000 fb000000 fb000000  ................
 1010 fb000000 fb000000 fb000000 fb000000  ................
 1020 fb000000 fb000000 fb000000 fb000000  ................
 1030 fb000000 fb000000 fb000000 fb000000  ................
 1040 fb000000 fb000000 fb000000 fb000000  ................
 1050 fb000000 fb000000 fb000000 fb000000  ................
 1060 fb000000 fb000000 fb000000 fb000000  ................
 1070 fb000000 fb000000 fb000000 fb000000  ................
 1080 fb000000 fb000000 fb000000 fb000000  ................
 1090 fb000000 fb000000 fb000000 fb000000  ................
 10a0 fb000000 fb000000 fb000000 fb000000  ................
 10b0 fb000000 fb000000 fb000000 fb000000  ................
 10c0 fb000000 fb000000 fb000000 fb000000  ................
 10d0 fb000000 fb000000 fb000000 fb000000  ................
 10e0 fb000000 fb000000 fb000000 fb000000  ................
 10f0 fb000000 fb000000 fb000000 fb000000  ................
 1100 fb000000 fb000000 fb000000 fb000000  ................
 1110 fb000000 fb000000 fb000000 fb000000  ................
 1120 fb000000 fb000000 fb000000 fb000000  ................
 1130 fb000000 fb000000 fb000000 fb000000  ................
 1140 fb000000 fb000000 fb000000 fb000000  ................
 1150 fb000000 fb000000 fb000000 fb000000  ................
 1160 fb000000 fb000000 fb000000 fb000000  ................
 1170 fb000000 fb000000 fb000000 fb000000  ................
 1180 fb000000 fb000000 fb000000 fb000000  ................
 1190 fb000000 fb000000 fb000000 fb000000  ................
 11a0 fb000000 fb000000 fb000000 fb000000  ................
 11b0 fb000000 fb000000 fb000000 fb000000  ................
 11c0 fb000000 fb000000 fb000000 fb000000  ................
 11d0 fb000000 fb000000 fb000000 fb000000  ................
 11e0 fb000000 fb000000 fb000000 fb000000  ................
 11f0 fb000000 fb000000 fb000000 fb000000  ................
 1200 fb000000 fb000000 fb000000 fb000000  ................
 1210 fb000000 fb000000 fb000000 fb000000  ................
 1220 fb000000 fb000000 fb000000 fb000000  ................
 1230 fb000000 fb000000 fb000000 fb000000  ................
 1240 fb000000 fb000000 fb000000 fb000000  ................
 1250 fb000000 fb000000 fb000000 fb000000  ................
 1260 fb000000 fb000000 fb000000 fb000000  ................
 1270 fb000000 fb000000 fb000000 fb000000  ................
 1280 fb000000 fb000000 fb000000 fb000000  ................
 1290 fb000000 fb000000 fb000000 fb000000  ................
 12a0 fb000000 fb000000 fb000000 fb000000  ................
 12b0 fb000000 fb000000 fb000000 fb000000  ................
 12c0 fb000000 fb000000 fb000000 fb000000  ................
 12d0 fb000000 fb000000 fb000000 fb000000  ................
 12e0 fb000000 fb000000 fb000000 fb000000  ................
 12f0 fb000000 fb000000 fb000000 fb000000  ................
 1300 fb000000 fb000000 fb000000 fb000000  ................
 1310 fb000000 fb000000 fb000000 fb000000  ................
 1320 fb000000 fb000000 fb000000 fb000000  ................
 1330 fb000000 fb000000 fb000000 fb000000  ................
 1340 fb000000 fb000000 fb000000 fb000000  ................
 1350 fb000000 fb000000 fb000000 fb000000  ................
 1360 fb000000 fb000000 fb000000 fb000000  ................
 1370 fb000000 fb000000 fb000000 fb000000  ................
 1380 fb000000 fb000000 fb000000 fb000000  ................
 1390 fb000000 fb000000 fb000000 fb000000  ................
 13a0 fb000000 fb000000 fb000000 fb000000  ................
 13b0 fb000000 fb000000 fb000000 fb000000  ................
 13c0 fb000000 fb000000 fb000000 fb000000  ................
 13d0 fb000000 fb000000 fb000000 fb000000  ................
 13e0 fb000000 fb000000 fb000000 fb000000  ................
 13f0 fb000000 fb000000 fb000000 fb000000  ................
 1400 fb000000 fb000000 fb000000 fb000000  ................
 1410 fb000000 fb000000 fb000000 fb000000  ................
 1420 fb000000 fb000000 fb000000 fb000000  ................
 1430 fb000000 fb000000 fb000000 fb000000  ................
 1440 fb000000 fb000000 fb000000 fb000000  ................
 1450 fb000000 fb000000 fb000000 fb000000  ................
 1460 fb000000 fb000000 fb000000 fb000000  ................
 1470 fb000000 fb000000 fb000000 fb000000  ................
 1480 fb000000 fb000000 fb000000 fb000000  ................
 1490 fb000000 fb000000 fb000000 fb000000  ................
 14a0 fb000000 fb000000 fb000000 fb000000  ................
 14b0 fb000000 fb000000 fb000000 fb000000  ................
 14c0 fb000000 fb000000 fb000000 fb000000  ................
 14d0 fb000000 fb000000 fb000000 fb000000  ................
 14e0 fb000000 fb000000 fb000000 fb000000  ................
 14f0 fb000000 fb000000 fb000000 fb000000  ................
 1500 fb000000 fb000000 fb000000 fb000000  ................
 1510 fb000000 fb000000 fb000000 fb000000  ................
 1520 fb000000 fb000000 fb000000 fb000000  ................
 1530 fb000000 fb000000 fb000000 fb000000  ................
 1540 fb000000 fb000000 fb000000 fb000000  ................
 1550 fb000000 fb000000 fb000000 fb000000  ................
 1560 fb000000 fb000000 fb000000 fb000000  ................
 1570 fb000000 fb000000 fb000000 fb000000  ................
 1580 fb000000 fb000000 fb000000 fb000000  ................
 1590 fb000000 fb000000 fb000000 fb000000  ................
 15a0 fb000000 fb000000 fb000000 fb000000  ................
 15b0 fb000000 fb000000 fb000000 fb000000  ................
 15c0 fb000000 fb000000 fb000000 fb000000  ................
 15d0 fb000000 fb000000 fb000000 fb000000  ................
 15e0 fb000000 fb000000 fb000000 fb000000  ................
 15f0 fb000000 fb000000 fb000000 fb000000  ................
 1600 fb000000 fb000000 fb000000 fb000000  ................
 1610 fb000000 fb000000 fb000000 fb000000  ................
 1620 fb000000 fb000000 fb000000 fb000000  ................
 1630 fb000000 fb000000 fb000000 fb000000  ................
 1640 fb000000 fb000000 fb000000 fb000000  ................
 1650 fb000000 fb000000 fb000000 fb000000  ................
 1660 fb000000 fb000000 fb000000 fb000000  ................
 1670 fb000000 fb000000 fb000000 fb000000  ................
 1680 fb000000 fb000000 fb000000 fb000000  ................
 1690 fb000000 fb000000 fb000000 fb000000  ................
 16a0 fb000000 fb000000 fb000000 fb000000  ................
 16b0 48000000 48000000 48000000 48000000  H...H...H...H...
 16c0 48000000 48000000 48000000 48000000  H...H...H...H...
 16d0 48000000 48000000 48000000 48000000  H...H...H...H...
 16e0 48000000 48000000 48000000 48000000  H...H...H...H...
 16f0 48000000 48000000 48000000 48000000  H...H...H...H...
 1700 48000000 48000000 48000000 48000000  H...H...H...H...
 1710 48000000 48000000 48000000 48000000  H...H...H...H...
 1720 48000000 48000000 48000000 48000000  H...H...H...H...
 1730 48000000 48000000 48000000 48000000  H...H...H...H...
 1740 48000000 48000000 48000000 48000000  H...H...H...H...
 1750 48000000 48000000 48000000 48000000  H...H...H...H...
 1760 48000000 48000000 48000000 48000000  H...H...H...H...
 1770 48000000 48000000 48000000 48000000  H...H...H...H...
 1780 48000000 48000000 48000000 48000000  H...H...H...H...
 1790 48000000 48000000 48000000 48000000  H...H...H...H...
 17a0 48000000 48000000 48000000 48000000  H...H...H...H...
 17b0 48000000 48000000 48000000 48000000  H...H...H...H...
 17c0 48000000 48000000 48000000 48000000  H...H...H...H...
 17d0 48000000 48000000 48000000 48000000  H...H...H...H...
 17e0 48000000 48000000 48000000 48000000  H...H...H...H...
 17f0 48000000 48000000 48000000 48000000  H...H...H...H...
 1800 48000000 48000000 48000000 48000000  H...H...H...H...
 1810 48000000 48000000 48000000 48000000  H...H...H...H...
 1820 48000000 48000000 48000000 48000000  H...H...H...H...
 1830 48000000 48000000 48000000 48000000  H...H...H...H...
 1840 48000000 48000000 48000000 48000000  H...H...H...H...
 1850 48000000 48000000 48000000 48000000  H...H...H...H...
 1860 48000000 48000000 48000000 48000000  H...H...H...H...
 1870 48000000 48000000 48000000 48000000  H...H...H...H...
 1880 48000000 48000000 48000000 48000000  H...H...H...H...
 1890 48000000 48000000 48000000 48000000  H...H...H...H...
 18a0 48000000 48000000 48000000 48000000  H...H...H...H...
 18b0 48000000 48000000 48000000 48000000  H...H...H...H...
 18c0 48000000 48000000 48000000 48000000  H...H...H...H...
 18d0 48000000 48000000 48000000 48000000  H...H...H...H...
 18e0 48000000 48000000 48000000 48000000  H...H...H...H...
 18f0 48000000 48000000 48000000 48000000  H...H...H...H...
 1900 48000000 48000000 48000000 48000000  H...H...H...H...
 1910 48000000 48000000 48000000 48000000  H...H...H...H...
 1920 48000000 48000000 48000000 48000000  H...H...H...H...
 1930 48000000 48000000 48000000 48000000  H...H...H...H...
 1940 48000000 48000000 48000000 48000000  H...H...H...H...
 1950 48000000 48000000 48000000 48000000  H...H...H...H...
 1960 48000000 48000000 48000000 48000000  H...H...H...H...
 1970 48000000 48000000 48000000 48000000  H...H...H...H...
 1980 48000000 48000000 48000000 48000000  H...H...H...H...
 1990 48000000 48000000 48000000 48000000  H...H...H...H...
 19a0 48000000 48000000 48000000 48000000  H...H...H...H...
 19b0 48000000 48000000 48000000 48000000  H...H...H...H...
 19c0 48000000 48000000 48000000 48000000  H...H...H...H...
 19d0 48000000 48000000 48000000 48000000  H...H...H...H...
 19e0 48000000 48000000 48000000 48000000  H...H...H...H...
 19f0 48000000 48000000 48000000 48000000  H...H...H...H...
 1a00 48000000 48000000 48000000 48000000  H...H...H...H...
 1a10 48000000 48000000 48000000 48000000  H...H...H...H...
 1a20 48000000 48000000 48000000 48000000  H...H...H...H...
 1a30 48000000 48000000 48000000 48000000  H...H...H...H...
 1a40 48000000 48000000 48000000 48000000  H...H...H...H...
 1a50 48000000 48000000 48000000 48000000  H...H...H...H...
 1a60 48000000 48000000 48000000 48000000  H...H...H...H...
 1a70 48000000 48000000 48000000 48000000  H...H...H...H...
 1a80 48000000 48000000 48000000 48000000  H...H...H...H...
 1a90 48000000 48000000 48000000 48000000  H...H...H...H...
 1aa0 48000000 48000000 48000000 48000000  H...H...H...H...
 1ab0 48000000 48000000 48000000 48000000  H...H...H...H...
 1ac0 48000000 48000000 48000000 48000000  H...H...H...H...
 1ad0 48000000 48000000 48000000 48000000  H...H...H...H...
 1ae0 48000000 48000000 48000000 48000000  H...H...H...H...
 1af0 48000000 48000000 48000000 48000000  H...H...H...H...
 1b00 48000000 48000000 48000000 48000000  H...H...H...H...
 1b10 48000000 48000000 48000000 48000000  H...H...H...H...
 1b20 48000000 48000000 48000000 48000000  H...H...H...H...
 1b30 48000000 48000000 48000000 48000000  H...H...H...H...
 1b40 48000000 48000000 48000000 48000000  H...H...H...H...
 1b50 48000000 48000000 48000000 48000000  H...H...H...H...
 1b60 48000000 48000000 48000000 48000000  H...H...H...H...
 1b70 48000000 48000000 48000000 48000000  H...H...H...H...
 1b80 48000000 48000000 48000000 48000000  H...H...H...H...
 1b90 48000000 48000000 48000000 48000000  H...H...H...H...
 1ba0 48000000 48000000 48000000 48000000  H...H...H...H...
 1bb0 48000000 48000000 48000000 48000000  H...H...H...H...
 1bc0 48000000 48000000 48000000 48000000  H...H...H...H...
 1bd0 48000000 48000000 48000000 48000000  H...H...H...H...
 1be0 48000000 48000000 48000000 48000000  H...H...H...H...
 1bf0 48000000 48000000 48000000 48000000  H...H...H...H...
 1c00 48000000 48000000 48000000 48000000  H...H...H...H...
 1c10 48000000 48000000 48000000 48000000  H...H...H...H...
 1c20 48000000 48000000 48000000 48000000  H...H...H...H...
 1c30 48000000 48000000 48000000 48000000  H...H...H...H...
 1c40 48000000 48000000 48000000 48000000  H...H...H...H...
 1c50 48000000 48000000 48000000 48000000  H...H...H...H...
 1c60 48000000 48000000 48000000 48000000  H...H...H...H...
 1c70 48000000 48000000 48000000 48000000  H...H...H...H...
 1c80 48000000 48000000 48000000 48000000  H...H...H...H...
 1c90 48000000 48000000 48000000 48000000  H...H...H...H...
 1ca0 48000000 48000000 48000000 48000000  H...H...H...H...
 1cb0 48000000 48000000 48000000 48000000  H...H...H...H...
 1cc0 48000000 48000000 48000000 48000000  H...H...H...H...
 1cd0 48000000 48000000 48000000 48000000  H...H...H...H...
 1ce0 48000000 48000000 48000000 48000000  H...H...H...H...
 1cf0 48000000 48000000 48000000 48000000  H...H...H...H...
 1d00 48000000 48000000 48000000 48000000  H...H...H...H...
 1d10 48000000 48000000 48000000 48000000  H...H...H...H...
 1d20 48000000 48000000 48000000 48000000  H...H...H...H...
 1d30 48000000 48000000 48000000 48000000  H...H...H...H...
 1d40 48000000 48000000 48000000 48000000  H...H...H...H...
 1d50 48000000 48000000 48000000 48000000  H...H...H...H...
 1d60 48000000 48000000 48000000 48000000  H...H...H...H...
 1d70 48000000 48000000 48000000 48000000  H...H...H...H...
 1d80 48000000 48000000 48000000 48000000  H...H...H...H...
 1d90 48000000 48000000 48000000 48000000  H...H...H...H...
 1da0 48000000 48000000 48000000 48000000  H...H...H...H...
 1db0 48000000 48000000 48000000 48000000  H...H...H...H...
 1dc0 48000000 48000000 48000000 48000000  H...H...H...H...
 1dd0 48000000 48000000 48000000 48000000  H...H...H...H...
 1de0 48000000 48000000 48000000 48000000  H...H...H...H...
 1df0 48000000 48000000 48000000 48000000  H...H...H...H...
 1e00 48000000 48000000 48000000 48000000  H...H...H...H...
 1e10 48000000 48000000 48000000 48000000  H...H...H...H...
 1e20 48000000 48000000 48000000 48000000  H...H...H...H...
 1e30 48000000 48000000 48000000 48000000  H...H...H...H...
 1e40 d6000000 d6000000 d6000000 d6000000  ................
 1e50 d6000000 d6000000 d6000000 d6000000  ................
 1e60 d6000000 d6000000 d6000000 d6000000  ................
 1e70 d6000000 d6000000 d6000000 d6000000  ................
 1e80 d6000000 d6000000 d6000000 d6000000  ................
 1e90 d6000000 d6000000 d6000000 d6000000  ................
 1ea0 d6000000 d6000000 d6000000 d6000000  ................
 1eb0 d6000000 d6000000 d6000000 d6000000  ................
 1ec0 d6000000 d6000000 d6000000 d6000000  ................
 1ed0 d6000000 d6000000 d6000000 d6000000  ................
 1ee0 d6000000 d6000000 d6000000 d6000000  ................
 1ef0 d6000000 d6000000 d6000000 d6000000  ................
 1f00 d6000000 d6000000 d6000000 d6000000  ................
 1f10 d6000000 d6000000 d6000000 d6000000  ................
 1f20 d6000000 d6000000 d6000000 d6000000  ................
 1f30 d6000000 d6000000 d6000000 d6000000  ................
 1f40 d6000000 d6000000 d6000000 d6000000  ................
 1f50 d6000000 d6000000 d6000000 d6000000  ................
 1f60 d6000000 d6000000 d6000000 d6000000  ................
 1f70 d6000000 d6000000 d6000000 d6000000  ................
 1f80 d6000000 d6000000 d6000000 d6000000  ................
 1f90 d6000000 d6000000 d6000000 d6000000  ................
 1fa0 d6000000 d6000000 d6000000 d6000000  ................
 1fb0 d6000000 d6000000 d6000000 d6000000  ................
 1fc0 d6000000 d6000000 d6000000 d6000000  ................
 1fd0 d6000000 d6000000 d6000000 d6000000  ................
 1fe0 d6000000 d6000000 d6000000 d6000000  ................
 1ff0 d6000000 d6000000 d6000000 d6000000  ................
 2000 d6000000 d6000000 d6000000 d6000000  ................
 2010 d6000000 d6000000 d6000000 d6000000  ................
 2020 d6000000 d6000000 d6000000 d6000000  ................
 2030 d6000000 d6000000 d6000000 d6000000  ................
 2040 d6000000 d6000000 d6000000 d6000000  ................
 2050 d6000000 d6000000 d6000000 d6000000  ................
 2060 d6000000 d6000000 d6000000 d6000000  ................
 2070 d6000000 d6000000 d6000000 d6000000  ................
 2080 d6000000 d6000000 d6000000 d6000000  ................
 2090 d6000000 d6000000 d6000000 d6000000  ................
 20a0 d6000000 d6000000 d6000000 d6000000  ................
 20b0 d6000000 d6000000 d6000000 d6000000  ................
 20c0 d6000000 d6000000 d6000000 d6000000  ................
 20d0 d6000000 d6000000 d6000000 d6000000  ................
 20e0 d6000000 d6000000 d6000000 d6000000  ................
 20f0 d6000000 d6000000 d6000000 d6000000  ................
 2100 d6000000 d6000000 d6000000 d6000000  ................
 2110 d6000000 d6000000 d6000000 d6000000  ................
 2120 d6000000 d6000000 d6000000 d6000000  ................
 2130 d6000000 d6000000 d6000000 d6000000  ................
 2140 d6000000 d6000000 d6000000 d6000000  ................
 2150 d6000000 d6000000 d6000000 d6000000  ................
 2160 d6000000 d6000000 d6000000 d6000000  ................
 2170 d6000000 d6000000 d6000000 d6000000  ................
 2180 d6000000 d6000000 d6000000 d6000000  ................
 2190 d6000000 d6000000 d6000000 d6000000  ................
 21a0 d6000000 d6000000 d6000000 d6000000  ................
 21b0 d6000000 d6000000 d6000000 d6000000  ................
 21c0 d6000000 d6000000 d6000000 d6000000  ................
 21d0 d6000000 d6000000 d6000000 d6000000  ................
 21e0 d6000000 d6000000 d6000000 d6000000  ................
 21f0 d6000000 d6000000 d6000000 d6000000  ................
 2200 d6000000 d6000000 d6000000 d6000000  ................
 2210 d6000000 d6000000 d6000000 d6000000  ................
 2220 d6000000 d6000000 d6000000 d6000000  ................
 2230 d6000000 d6000000 d6000000 d6000000  ................
 2240 d6000000 d6000000 d6000000 d6000000  ................
 2250 d6000000 d6000000 d6000000 d6000000  ................
 2260 d6000000 d6000000 d6000000 d6000000  ................
 2270 d6000000 d6000000 d6000000 d6000000  ................
 2280 d6000000 d6000000 d6000000 d6000000  ................
 2290 d6000000 d6000000 d6000000 d6000000  ................
 22a0 d6000000 d6000000 d6000000 d6000000  ................
 22b0 d6000000 d6000000 d6000000 d6000000  ................
 22c0 d6000000 d6000000 d6000000 d6000000  ................
 22d0 d6000000 d6000000 d6000000 d6000000  ................
 22e0 d6000000 d6000000 d6000000 d6000000  ................
 22f0 d6000000 d6000000 d6000000 d6000000  ................
 2300 d6000000 d6000000 d6000000 d6000000  ................
 2310 d6000000 d6000000 d6000000 d6000000  ................
 2320 d6000000 d6000000 d6000000 d6000000  ................
 2330 d6000000 d6000000 d6000000 d6000000  ................
 2340 d6000000 d6000000 d6000000 d6000000  ................
 2350 d6000000 d6000000 d6000000 d6000000  ................
 2360 d6000000 d6000000 d6000000 d6000000  ................
 2370 d6000000 d6000000 d6000000 d6000000  ................
 2380 d6000000 d6000000 d6000000 d6000000  ................
 2390 d6000000 d6000000 d6000000 d6000000  ................
 23a0 d6000000 d6000000 d6000000 d6000000  ................
 23b0 d6000000 d6000000 d6000000 d6000000  ................
 23c0 d6000000 d6000000 d6000000 d6000000  ................
 23d0 d6000000 d6000000 d6000000 d6000000  ................
 23e0 d6000000 d6000000 d6000000 d6000000  ................
 23f0 d6000000 d6000000 d6000000 d6000000  ................
 2400 d6000000 d6000000 d6000000 d6000000  ................
 2410 d6000000 d6000000 d6000000 d6000000  ................
 2420 d6000000 d6000000 d6000000 d6000000  ................
 2430 d6000000 d6000000 d6000000 d6000000  ................
 2440 d6000000 d6000000 d6000000 d6000000  ................
 2450 d6000000 d6000000 d6000000 d6000000  ................
 2460 d6000000 d6000000 d6000000 d6000000  ................
 2470 d6000000 d6000000 d6000000 d6000000  ................
 2480 d6000000 d6000000 d6000000 d6000000  ................
 2490 d6000000 d6000000 d6000000 d6000000  ................
 24a0 d6000000 d6000000 d6000000 d6000000  ................
 24b0 d6000000 d6000000 d6000000 d6000000  ................
 24c0 d6000000 d6000000 d6000000 d6000000  ................
 24d0 d6000000 d6000000 d6000000 d6000000  ................
 24e0 d6000000 d6000000 d6000000 d6000000  ................
 24f0 d6000000 d6000000 d6000000 d6000000  ................
 2500 d6000000 d6000000 d6000000 d6000000  ................
 2510 d6000000 d6000000 d6000000 d6000000  ................
 2520 d6000000 d6000000 d6000000 d6000000  ................
 2530 d6000000 d6000000 d6000000 d6000000  ................
 2540 d6000000 d6000000 d6000000 d6000000  ................
 2550 d6000000 d6000000 d6000000 d6000000  ................
 2560 d6000000 d6000000 d6000000 d6000000  ................
 2570 d6000000 d6000000 d6000000 d6000000  ................
 2580 d6000000 d6000000 d6000000 d6000000  ................
 2590 d6000000 d6000000 d6000000 d6000000  ................
 25a0 d6000000 d6000000 d6000000 d6000000  ................
 25b0 d6000000 d6000000 d6000000 d6000000  ................
 25c0 d6000000 d6000000 d6000000 d6000000  ................
 25d0 90000000 90000000 90000000 90000000  ................
 25e0 90000000 90000000 90000000 90000000  ................
 25f0 90000000 90000000 90000000 90000000  ................
 2600 90000000 90000000 90000000 90000000  ................
 2610 90000000 90000000 90000000 90000000  ................
 2620 90000000 90000000 90000000 90000000  ................
 2630 90000000 90000000 90000000 90000000  ................
 2640 90000000 90000000 90000000 90000000  ................
 2650 90000000 90000000 90000000 90000000  ................
 2660 90000000 90000000 90000000 90000000  ................
 2670 90000000 90000000 90000000 90000000  ................
 2680 90000000 90000000 90000000 90000000  ................
 2690 90000000 90000000 90000000 90000000  ................
 26a0 90000000 90000000 90000000 90000000  ................
 26b0 90000000 90000000 90000000 90000000  ................
 26c0 90000000 90000000 90000000 90000000  ................
 26d0 90000000 90000000 90000000 90000000  ................
 26e0 90000000 90000000 90000000 90000000  ................
 26f0 90000000 90000000 90000000 90000000  ................
 2700 90000000 90000000 90000000 90000000  ................
 2710 90000000 90000000 90000000 90000000  ................
 2720 90000000 90000000 90000000 90000000  ................
 2730 90000000 90000000 90000000 90000000  ................
 2740 90000000 90000000 90000000 90000000  ................
 2750 90000000 90000000 90000000 90000000  ................
 2760 90000000 90000000 90000000 90000000  ................
 2770 90000000 90000000 90000000 90000000  ................
 2780 90000000 90000000 90000000 90000000  ................
 2790 90000000 90000000 90000000 90000000  ................
 27a0 90000000 90000000 90000000 90000000  ................
 27b0 90000000 90000000 90000000 90000000  ................
 27c0 90000000 90000000 90000000 90000000  ................
 27d0 90000000 90000000 90000000 90000000  ................
 27e0 90000000 90000000 90000000 90000000  ................
 27f0 90000000 90000000 90000000 90000000  ................
 2800 90000000 90000000 90000000 90000000  ................
 2810 90000000 90000000 90000000 90000000  ................
 2820 90000000 90000000 90000000 90000000  ................
 2830 90000000 90000000 90000000 90000000  ................
 2840 90000000 90000000 90000000 90000000  ................
 2850 90000000 90000000 90000000 90000000  ................
 2860 90000000 90000000 90000000 90000000  ................
 2870 90000000 90000000 90000000 90000000  ................
 2880 90000000 90000000 90000000 90000000  ................
 2890 90000000 90000000 90000000 90000000  ................
 28a0 90000000 90000000 90000000 90000000  ................
 28b0 90000000 90000000 90000000 90000000  ................
 28c0 90000000 90000000 90000000 90000000  ................
 28d0 90000000 90000000 90000000 90000000  ................
 28e0 90000000 90000000 90000000 90000000  ................
 28f0 90000000 90000000 90000000 90000000  ................
 2900 90000000 90000000 90000000 90000000  ................
 2910 90000000 90000000 90000000 90000000  ................
 2920 90000000 90000000 90000000 90000000  ................
 2930 90000000 90000000 90000000 90000000  ................
 2940 90000000 90000000 90000000 90000000  ................
 2950 90000000 90000000 90000000 90000000  ................
 2960 90000000 90000000 90000000 90000000  ................
 2970 90000000 90000000 90000000 90000000  ................
 2980 90000000 90000000 90000000 90000000  ................
 2990 90000000 90000000 90000000 90000000  ................
 29a0 90000000 90000000 90000000 90000000  ................
 29b0 90000000 90000000 90000000 90000000  ................
 29c0 90000000 90000000 90000000 90000000  ................
 29d0 90000000 90000000 90000000 90000000  ................
 29e0 90000000 90000000 90000000 90000000  ................
 29f0 90000000 90000000 90000000 90000000  ................
 2a00 90000000 90000000 90000000 90000000  ................
 2a10 90000000 90000000 90000000 90000000  ................
 2a20 90000000 90000000 90000000 90000000  ................
 2a30 90000000 90000000 90000000 90000000  ................
 2a40 90000000 90000000 90000000 90000000  ................
 2a50 90000000 90000000 90000000 90000000  ................
 2a60 90000000 90000000 90000000 90000000  ................
 2a70 90000000 90000000 90000000 90000000  ................
 2a80 90000000 90000000 90000000 90000000  ................
 2a90 90000000 90000000 90000000 90000000  ................
 2aa0 90000000 90000000 90000000 90000000  ................
 2ab0 90000000 90000000 90000000 90000000  ................
 2ac0 90000000 90000000 90000000 90000000  ................
 2ad0 90000000 90000000 90000000 90000000  ................
 2ae0 90000000 90000000 90000000 90000000  ................
 2af0 90000000 90000000 90000000 90000000  ................
 2b00 90000000 90000000 90000000 90000000  ................
 2b10 90000000 90000000 90000000 90000000  ................
 2b20 90000000 90000000 90000000 90000000  ................
 2b30 90000000 90000000 90000000 90000000  ................
 2b40 90000000 90000000 90000000 90000000  ................
 2b50 90000000 90000000 90000000 90000000  ................
 2b60 90000000 90000000 90000000 90000000  ................
 2b70 90000000 90000000 90000000 90000000  ................
 2b80 90000000 90000000 90000000 90000000  ................
 2b90 90000000 90000000 90000000 90000000  ................
 2ba0 90000000 90000000 90000000 90000000  ................
 2bb0 90000000 90000000 90000000 90000000  ................
 2bc0 90000000 90000000 90000000 90000000  ................
 2bd0 90000000 90000000 90000000 90000000  ................
 2be0 90000000 90000000 90000000 90000000  ................
 2bf0 90000000 90000000 90000000 90000000  ................
 2c00 90000000 90000000 90000000 90000000  ................
 2c10 90000000 90000000 90000000 90000000  ................
 2c20 90000000 90000000 90000000 90000000  ................
 2c30 90000000 90000000 90000000 90000000  ................
 2c40 90000000 90000000 90000000 90000000  ................
 2c50 90000000 90000000 90000000 90000000  ................
 2c60 90000000 90000000 90000000 90000000  ................
 2c70 90000000 90000000 90000000 90000000  ................
 2c80 90000000 90000000 90000000 90000000  ................
 2c90 90000000 90000000 90000000 90000000  ................
 2ca0 90000000 90000000 90000000 90000000  ................
 2cb0 90000000 90000000 90000000 90000000  ................
 2cc0 90000000 90000000 90000000 90000000  ................
 2cd0 90000000 90000000 90000000 90000000  ................
 2ce0 90000000 90000000 90000000 90000000  ................
 2cf0 90000000 90000000 90000000 90000000  ................
 2d00 90000000 90000000 90000000 90000000  ................
 2d10 90000000 90000000 90000000 90000000  ................
 2d20 90000000 90000000 90000000 90000000  ................
 2d30 90000000 90000000 90000000 90000000  ................
 2d40 90000000 90000000 90000000 90000000  ................
 2d50 90000000 90000000 90000000 90000000  ................
 2d60 72000000 72000000 72000000 72000000  r...r...r...r...
 2d70 72000000 72000000 72000000 72000000  r...r...r...r...
 2d80 72000000 72000000 72000000 72000000  r...r...r...r...
 2d90 72000000 72000000 72000000 72000000  r...r...r...r...
 2da0 72000000 72000000 72000000 72000000  r...r...r...r...
 2db0 72000000 72000000 72000000 72000000  r...r...r...r...
 2dc0 72000000 72000000 72000000 72000000  r...r...r...r...
 2dd0 72000000 72000000 72000000 72000000  r...r...r...r...
 2de0 72000000 72000000 72000000 72000000  r...r...r...r...
 2df0 72000000 72000000 72000000 72000000  r...r...r...r...
 2e00 72000000 72000000 72000000 72000000  r...r...r...r...
 2e10 72000000 72000000 72000000 72000000  r...r...r...r...
 2e20 72000000 72000000 72000000 72000000  r...r...r...r...
 2e30 72000000 72000000 72000000 72000000  r...r...r...r...
 2e40 72000000 72000000 72000000 72000000  r...r...r...r...
 2e50 72000000 72000000 72000000 72000000  r...r...r...r...
 2e60 72000000 72000000 72000000 72000000  r...r...r...r...
 2e70 72000000 72000000 72000000 72000000  r...r...r...r...
 2e80 72000000 72000000 72000000 72000000  r...r...r...r...
 2e90 72000000 72000000 72000000 72000000  r...r...r...r...
 2ea0 72000000 72000000 72000000 72000000  r...r...r...r...
 2eb0 72000000 72000000 72000000 72000000  r...r...r...r...
 2ec0 72000000 72000000 72000000 72000000  r...r...r...r...
 2ed0 72000000 72000000 72000000 72000000  r...r...r...r...
 2ee0 72000000 72000000 72000000 72000000  r...r...r...r...
 2ef0 72000000 72000000 72000000 72000000  r...r...r...r...
 2f00 72000000 72000000 72000000 72000000  r...r...r...r...
 2f10 72000000 72000000 72000000 72000000  r...r...r...r...
 2f20 72000000 72000000 72000000 72000000  r...r...r...r...
 2f30 72000000 72000000 72000000 72000000  r...r...r...r...
 2f40 72000000 72000000 72000000 72000000  r...r...r...r...
 2f50 72000000 72000000 72000000 72000000  r...r...r...r...
 2f60 72000000 72000000 72000000 72000000  r...r...r...r...
 2f70 72000000 72000000 72000000 72000000  r...r...r...r...
 2f80 72000000 72000000 72000000 72000000  r...r...r...r...
 2f90 72000000 72000000 72000000 72000000  r...r...r...r...
 2fa0 72000000 72000000 72000000 72000000  r...r...r...r...
 2fb0 72000000 72000000 72000000 72000000  r...r...r...r...
 2fc0 72000000 72000000 72000000 72000000  r...r...r...r...
 2fd0 72000000 72000000 72000000 72000000  r...r...r...r...
 2fe0 72000000 72000000 72000000 72000000  r...r...r...r...
 2ff0 72000000 72000000 72000000 72000000  r...r...r...r...
 3000 72000000 72000000 72000000 72000000  r...r...r...r...
 3010 72000000 72000000 72000000 72000000  r...r...r...r...
 3020 72000000 72000000 72000000 72000000  r...r...r...r...
 3030 72000000 72000000 72000000 72000000  r...r...r...r...
 3040 72000000 72000000 72000000 72000000  r...r...r...r...
 3050 72000000 72000000 72000000 72000000  r...r...r...r...
 3060 72000000 72000000 72000000 72000000  r...r...r...r...
 3070 72000000 72000000 72000000 72000000  r...r...r...r...
 3080 72000000 72000000 72000000 72000000  r...r...r...r...
 3090 72000000 72000000 72000000 72000000  r...r...r...r...
 30a0 72000000 72000000 72000000 72000000  r...r...r...r...
 30b0 72000000 72000000 72000000 72000000  r...r...r...r...
 30c0 72000000 72000000 72000000 72000000  r...r...r...r...
 30d0 72000000 72000000 72000000 72000000  r...r...r...r...
 30e0 72000000 72000000 72000000 72000000  r...r...r...r...
 30f0 72000000 72000000 72000000 72000000  r...r...r...r...
 3100 72000000 72000000 72000000 72000000  r...r...r...r...
 3110 72000000 72000000 72000000 72000000  r...r...r...r...
 3120 72000000 72000000 72000000 72000000  r...r...r...r...
 3130 72000000 72000000 72000000 72000000  r...r...r...r...
 3140 72000000 72000000 72000000 72000000  r...r...r...r...
 3150 72000000 72000000 72000000 72000000  r...r...r...r...
 3160 72000000 72000000 72000000 72000000  r...r...r...r...
 3170 72000000 72000000 72000000 72000000  r...r...r...r...
 3180 72000000 72000000 72000000 72000000  r...r...r...r...
 3190 72000000 72000000 72000000 72000000  r...r...r...r...
 31a0 72000000 72000000 72000000 72000000  r...r...r...r...
 31b0 72000000 72000000 72000000 72000000  r...r...r...r...
 31c0 72000000 72000000 72000000 72000000  r...r...r...r...
 31d0 72000000 72000000 72000000 72000000  r...r...r...r...
 31e0 72000000 72000000 72000000 72000000  r...r...r...r...
 31f0 72000000 72000000 72000000 72000000  r...r...r...r...
 3200 72000000 72000000 72000000 72000000  r...r...r...r...
 3210 72000000 72000000 72000000 72000000  r...r...r...r...
 3220 72000000 72000000 72000000 72000000  r...r...r...r...
 3230 72000000 72000000 72000000 72000000  r...r...r...r...
 3240 72000000 72000000 72000000 72000000  r...r...r...r...
 3250 72000000 72000000 72000000 72000000  r...r...r...r...
 3260 72000000 72000000 72000000 72000000  r...r...r...r...
 3270 72000000 72000000 72000000 72000000  r...r...r...r...
 3280 72000000 72000000 72000000 72000000  r...r...r...r...
 3290 72000000 72000000 72000000 72000000  r...r...r...r...
 32a0 72000000 72000000 72000000 72000000  r...r...r...r...
 32b0 72000000 72000000 72000000 72000000  r...r...r...r...
 32c0 72000000 72000000 72000000 72000000  r...r...r...r...
 32d0 72000000 72000000 72000000 72000000  r...r...r...r...
 32e0 72000000 72000000 72000000 72000000  r...r...r...r...
 32f0 72000000 72000000 72000000 72000000  r...r...r...r...
 3300 72000000 72000000 72000000 72000000  r...r...r...r...
 3310 72000000 72000000 72000000 72000000  r...r...r...r...
 3320 72000000 72000000 72000000 72000000  r...r...r...r...
 3330 72000000 72000000 72000000 72000000  r...r...r...r...
 3340 72000000 72000000 72000000 72000000  r...r...r...r...
 3350 72000000 72000000 72000000 72000000  r...r...r...r...
 3360 72000000 72000000 72000000 72000000  r...r...r...r...
 3370 72000000 72000000 72000000 72000000  r...r...r...r...
 3380 72000000 72000000 72000000 72000000  r...r...r...r...
 3390 72000000 72000000 72000000 72000000  r...r...r...r...
 33a0 72000000 72000000 72000000 72000000  r...r...r...r...
 33b0 72000000 72000000 72000000 72000000  r...r...r...r...
 33c0 72000000 72000000 72000000 72000000  r...r...r...r...
 33d0 72000000 72000000 72000000 72000000  r...r...r...r...
 33e0 72000000 72000000 72000000 72000000  r...r...r...r...
 33f0 72000000 72000000 72000000 72000000  r...r...r...r...
 3400 72000000 72000000 72000000 72000000  r...r...r...r...
 3410 72000000 72000000 72000000 72000000  r...r...r...r...
 3420 72000000 72000000 72000000 72000000  r...r...r...r...
 3430 72000000 72000000 72000000 72000000  r...r...r...r...
 3440 72000000 72000000 72000000 72000000  r...r...r...r...
 3450 72000000 72000000 72000000 72000000  r...r...r...r...
 3460 72000000 72000000 72000000 72000000  r...r...r...r...
 3470 72000000 72000000 72000000 72000000  r...r...r...r...
 3480 72000000 72000000 72000000 72000000  r...r...r...r...
 3490 72000000 72000000 72000000 72000000  r...r...r...r...
 34a0 72000000 72000000 72000000 72000000  r...r...r...r...
 34b0 72000000 72000000 72000000 72000000  r...r...r...r...
 34c0 72000000 72000000 72000000 72000000  r...r...r...r...
 34d0 72000000 72000000 72000000 72000000  r...r...r...r...
 34e0 72000000 72000000 72000000 72000000  r...r...r...r...
 34f0 d2000000 d2000000 d2000000 d2000000  ................
 3500 d2000000 d2000000 d2000000 d2000000  ................
 3510 d2000000 d2000000 d2000000 d2000000  ................
 3520 d2000000 d2000000 d2000000 d2000000  ................
 3530 d2000000 d2000000 d2000000 d2000000  ................
 3540 d2000000 d2000000 d2000000 d2000000  ................
 3550 d2000000 d2000000 d2000000 d2000000  ................
 3560 d2000000 d2000000 d2000000 d2000000  ................
 3570 d2000000 d2000000 d2000000 d2000000  ................
 3580 d2000000 d2000000 d2000000 d2000000  ................
 3590 d2000000 d2000000 d2000000 d2000000  ................
 35a0 d2000000 d2000000 d2000000 d2000000  ................
 35b0 d2000000 d2000000 d2000000 d2000000  ................
 35c0 d2000000 d2000000 d2000000 d2000000  ................
 35d0 d2000000 d2000000 d2000000 d2000000  ................
 35e0 d2000000 d2000000 d2000000 d2000000  ................
 35f0 d2000000 d2000000 d2000000 d2000000  ................
 3600 d2000000 d2000000 d2000000 d2000000  ................
 3610 d2000000 d2000000 d2000000 d2000000  ................
 3620 d2000000 d2000000 d2000000 d2000000  ................
 3630 d2000000 d2000000 d2000000 d2000000  ................
 3640 d2000000 d2000000 d2000000 d2000000  ................
 3650 d2000000 d2000000 d2000000 d2000000  ................
 3660 d2000000 d2000000 d2000000 d2000000  ................
 3670 d2000000 d2000000 d2000000 d2000000  ................
 3680 d2000000 d2000000 d2000000 d2000000  ................
 3690 d2000000 d2000000 d2000000 d2000000  ................
 36a0 d2000000 d2000000 d2000000 d2000000  ................
 36b0 d2000000 d2000000 d2000000 d2000000  ................
 36c0 d2000000 d2000000 d2000000 d2000000  ................
 36d0 d2000000 d2000000 d2000000 d2000000  ................
 36e0 d2000000 d2000000 d2000000 d2000000  ................
 36f0 d2000000 d2000000 d2000000 d2000000  ................
 3700 d2000000 d2000000 d2000000 d2000000  ................
 3710 d2000000 d2000000 d2000000 d2000000  ................
 3720 d2000000 d2000000 d2000000 d2000000  ................
 3730 d2000000 d2000000 d2000000 d2000000  ................
 3740 d2000000 d2000000 d2000000 d2000000  ................
 3750 d2000000 d2000000 d2000000 d2000000  ................
 3760 d2000000 d2000000 d2000000 d2000000  ................
 3770 d2000000 d2000000 d2000000 d2000000  ................
 3780 d2000000 d2000000 d2000000 d2000000  ................
 3790 d2000000 d2000000 d2000000 d2000000  ................
 37a0 d2000000 d2000000 d2000000 d2000000  ................
 37b0 d2000000 d2000000 d2000000 d2000000  ................
 37c0 d2000000 d2000000 d2000000 d2000000  ................
 37d0 d2000000 d2000000 d2000000 d2000000  ................
 37e0 d2000000 d2000000 d2000000 d2000000  ................
 37f0 d2000000 d2000000 d2000000 d2000000  ................
 3800 d2000000 d2000000 d2000000 d2000000  ................
 3810 d2000000 d2000000 d2000000 d2000000  ................
 3820 d2000000 d2000000 d2000000 d2000000  ................
 3830 d2000000 d2000000 d2000000 d2000000  ................
 3840 d2000000 d2000000 d2000000 d2000000  ................
 3850 d2000000 d2000000 d2000000 d2000000  ................
 3860 d2000000 d2000000 d2000000 d2000000  ................
 3870 d2000000 d2000000 d2000000 d2000000  ................
 3880 d2000000 d2000000 d2000000 d2000000  ................
 3890 d2000000 d2000000 d2000000 d2000000  ................
 38a0 d2000000 d2000000 d2000000 d2000000  ................
 38b0 d2000000 d2000000 d2000000 d2000000  ................
 38c0 d2000000 d2000000 d2000000 d2000000  ................
 38d0 d2000000 d2000000 d2000000 d2000000  ................
 38e0 d2000000 d2000000 d2000000 d2000000  ................
 38f0 d2000000 d2000000 d2000000 d2000000  ................
 3900 d2000000 d2000000 d2000000 d2000000  ................
 3910 d2000000 d2000000 d2000000 d2000000  ................
 3920 d2000000 d2000000 d2000000 d2000000  ................
 3930 d2000000 d2000000 d2000000 d2000000  ................
 3940 d2000000 d2000000 d2000000 d2000000  ................
 3950 d2000000 d2000000 d2000000 d2000000  ................
 3960 d2000000 d2000000 d2000000 d2000000  ................
 3970 d2000000 d2000000 d2000000 d2000000  ................
 3980 d2000000 d2000000 d2000000 d2000000  ................
 3990 d2000000 d2000000 d2000000 d2000000  ................
 39a0 d2000000 d2000000 d2000000 d2000000  ................
 39b0 d2000000 d2000000 d2000000 d2000000  ................
 39c0 d2000000 d2000000 d2000000 d2000000  ................
 39d0 d2000000 d2000000 d2000000 d2000000  ................
 39e0 d2000000 d2000000 d2000000 d2000000  ................
 39f0 d2000000 d2000000 d2000000 d2000000  ................
 3a00 d2000000 d2000000 d2000000 d2000000  ................
 3a10 d2000000 d2000000 d2000000 d2000000  ................
 3a20 d2000000 d2000000 d2000000 d2000000  ................
 3a30 d2000000 d2000000 d2000000 d2000000  ................
 3a40 d2000000 d2000000 d2000000 d2000000  ................
 3a50 d2000000 d2000000 d2000000 d2000000  ................
 3a60 d2000000 d2000000 d2000000 d2000000  ................
 3a70 d2000000 d2000000 d2000000 d2000000  ................
 3a80 d2000000 d2000000 d2000000 d2000000  ................
 3a90 d2000000 d2000000 d2000000 d2000000  ................
 3aa0 d2000000 d2000000 d2000000 d2000000  ................
 3ab0 d2000000 d2000000 d2000000 d2000000  ................
 3ac0 d2000000 d2000000 d2000000 d2000000  ................
 3ad0 d2000000 d2000000 d2000000 d2000000  ................
 3ae0 d2000000 d2000000 d2000000 d2000000  ................
 3af0 d2000000 d2000000 d2000000 d2000000  ................
 3b00 d2000000 d2000000 d2000000 d2000000  ................
 3b10 d2000000 d2000000 d2000000 d2000000  ................
 3b20 d2000000 d2000000 d2000000 d2000000  ................
 3b30 d2000000 d2000000 d2000000 d2000000  ................
 3b40 d2000000 d2000000 d2000000 d2000000  ................
 3b50 d2000000 d2000000 d2000000 d2000000  ................
 3b60 d2000000 d2000000 d2000000 d2000000  ................
 3b70 d2000000 d2000000 d2000000 d2000000  ................
 3b80 d2000000 d2000000 d2000000 d2000000  ................
 3b90 d2000000 d2000000 d2000000 d2000000  ................
 3ba0 d2000000 d2000000 d2000000 d2000000  ................
 3bb0 d2000000 d2000000 d2000000 d2000000  ................
 3bc0 d2000000 d2000000 d2000000 d2000000  ................
 3bd0 d2000000 d2000000 d2000000 d2000000  ................
 3be0 d2000000 d2000000 d2000000 d2000000  ................
 3bf0 d2000000 d2000000 d2000000 d2000000  ................
 3c00 d2000000 d2000000 d2000000 d2000000  ................
 3c10 d2000000 d2000000 d2000000 d2000000  ................
 3c20 d2000000 d2000000 d2000000 d2000000  ................
 3c30 d2000000 d2000000 d2000000 d2000000  ................
 3c40 d2000000 d2000000 d2000000 d2000000  ................
 3c50 d2000000 d2000000 d2000000 d2000000  ................
 3c60 d2000000 d2000000 d2000000 d2000000  ................
 3c70 d2000000 d2000000 d2000000 d2000000  ................
