
W8.o:     file format elf32-littleriscv
W8.o
architecture: riscv:rv32, flags 0x00000010:
HAS_SYMS
start address 0x00000000

Sections:
Idx Name          Size      VMA       LMA       File off  Algn
  0 .data         00004350  00000000  00000000  00000034  2**0
                  CONTENTS, ALLOC, LOAD, DATA
SYMBOL TABLE:
00000000 l    d  .data	00000000 .data
00000000 g       .data	00000000 _binary_W8_dat_start
00004350 g       .data	00000000 _binary_W8_dat_end
00004350 g       *ABS*	00000000 _binary_W8_dat_size


Contents of section .data:
 0000 8f000000 bf000000 8e000000 29000000  ............)...
 0010 ff000000 92000000 10000000 b1000000  ................
 0020 65000000 2c000000 1d000000 10000000  e...,...........
 0030 34000000 35000000 1f000000 65000000  4...5.......e...
 0040 da000000 b6000000 19000000 cd000000  ................
 0050 52000000 41000000 43000000 b3000000  R...A...C.......
 0060 a7000000 6f000000 c3000000 17000000  ....o...........
 0070 2a000000 14000000 5a000000 00000000  *.......Z.......
 0080 4b000000 69000000 27000000 d7000000  K...i...'.......
 0090 19000000 1a000000 6c000000 93000000  ........l.......
 00a0 d2000000 9d000000 7a000000 3e000000  ........z...>...
 00b0 94000000 ad000000 86000000 7b000000  ............{...
 00c0 3e000000 2e000000 dd000000 df000000  >...............
 00d0 4a000000 c4000000 9f000000 6e000000  J...........n...
 00e0 77000000 70000000 9d000000 77000000  w...p.......w...
 00f0 9b000000 63000000 de000000 80000000  ....c...........
 0100 ca000000 bc000000 9d000000 28000000  ............(...
 0110 67000000 a3000000 44000000 c7000000  g.......D.......
 0120 d1000000 55000000 ae000000 15000000  ....U...........
 0130 8b000000 85000000 4b000000 e0000000  ........K.......
 0140 8f000000 a9000000 24000000 5c000000  ........$...\...
 0150 9c000000 63000000 58000000 1c000000  ....c...X.......
 0160 67000000 b0000000 cb000000 39000000  g...........9...
 0170 a6000000 c2000000 28000000 fa000000  ........(.......
 0180 4b000000 a8000000 9b000000 56000000  K...........V...
 0190 a0000000 83000000 5e000000 66000000  ........^...f...
 01a0 42000000 e4000000 67000000 b1000000  B.......g.......
 01b0 61000000 4a000000 8a000000 55000000  a...J.......U...
 01c0 a8000000 49000000 8f000000 9c000000  ....I...........
 01d0 61000000 c0000000 cc000000 68000000  a...........h...
 01e0 5b000000 98000000 86000000 1d000000  [...............
 01f0 6b000000 87000000 a1000000 97000000  k...............
 0200 cb000000 ac000000 97000000 41000000  ............A...
 0210 a6000000 45000000 94000000 78000000  ....E.......x...
 0220 70000000 a1000000 e5000000 ce000000  p...............
 0230 c4000000 bb000000 cc000000 ad000000  ................
 0240 dc000000 6e000000 bc000000 61000000  ....n.......a...
 0250 dc000000 f6000000 5a000000 4c000000  ........Z...L...
 0260 c2000000 a8000000 64000000 75000000  ........d...u...
 0270 a0000000 54000000 88000000 85000000  ....T...........
 0280 c1000000 df000000 56000000 b4000000  ........V.......
 0290 d3000000 b2000000 8f000000 82000000  ................
 02a0 cf000000 64000000 cd000000 62000000  ....d.......b...
 02b0 af000000 56000000 bb000000 8c000000  ....V...........
 02c0 67000000 b9000000 94000000 bb000000  g...............
 02d0 c3000000 9b000000 5d000000 9a000000  ........].......
 02e0 b5000000 70000000 99000000 62000000  ....p.......b...
 02f0 dc000000 5d000000 f5000000 52000000  ....].......R...
 0300 d6000000 c8000000 5d000000 8e000000  ........].......
 0310 b4000000 a2000000 ae000000 5e000000  ............^...
 0320 80000000 67000000 d7000000 43000000  ....g.......C...
 0330 80000000 67000000 7b000000 52000000  ....g...{...R...
 0340 6a000000 a7000000 b0000000 88000000  j...............
 0350 69000000 d1000000 20000000 4f000000  i....... ...O...
 0360 d6000000 e6000000 a7000000 69000000  ............i...
 0370 61000000 59000000 cc000000 54000000  a...Y.......T...
 0380 b0000000 b0000000 b2000000 a4000000  ................
 0390 5c000000 a3000000 49000000 bc000000  \.......I.......
 03a0 bd000000 b1000000 6d000000 6d000000  ........m...m...
 03b0 9a000000 71000000 a0000000 b5000000  ....q...........
 03c0 d5000000 68000000 f0000000 ac000000  ....h...........
 03d0 93000000 ce000000 00000000 8a000000  ................
 03e0 8c000000 72000000 5b000000 aa000000  ....r...[.......
 03f0 b9000000 94000000 d2000000 57000000  ............W...
 0400 bc000000 6d000000 b5000000 c0000000  ....m...........
 0410 ac000000 cd000000 50000000 48000000  ........P...H...
 0420 9a000000 5f000000 88000000 ce000000  ...._...........
 0430 c6000000 49000000 cc000000 97000000  ....I...........
 0440 e1000000 5f000000 66000000 94000000  ...._...f.......
 0450 13000000 e1000000 78000000 64000000  ........x...d...
 0460 6a000000 bc000000 80000000 42000000  j...........B...
 0470 ae000000 74000000 ca000000 bb000000  ....t...........
 0480 79000000 b5000000 ab000000 98000000  y...............
 0490 7e000000 4a000000 c4000000 d0000000  ~...J...........
 04a0 b5000000 c2000000 4d000000 cd000000  ........M.......
 04b0 c6000000 51000000 80000000 a9000000  ....Q...........
 04c0 a7000000 b6000000 78000000 6f000000  ........x...o...
 04d0 90000000 7e000000 39000000 7e000000  ....~...9...~...
 04e0 d3000000 5d000000 81000000 56000000  ....].......V...
 04f0 ce000000 8c000000 78000000 7c000000  ........x...|...
 0500 a0000000 b5000000 72000000 b1000000  ........r.......
 0510 b6000000 c3000000 ca000000 7d000000  ............}...
 0520 7e000000 a0000000 97000000 5b000000  ~...........[...
 0530 99000000 b5000000 56000000 70000000  ........V...p...
 0540 b3000000 d3000000 9c000000 5b000000  ............[...
 0550 a0000000 df000000 57000000 67000000  ........W...g...
 0560 77000000 60000000 88000000 98000000  w...`...........
 0570 84000000 af000000 69000000 8e000000  ........i.......
 0580 ee000000 81000000 41000000 86000000  ........A.......
 0590 4f000000 5d000000 8d000000 5a000000  O...].......Z...
 05a0 53000000 c1000000 92000000 81000000  S...............
 05b0 5a000000 66000000 8d000000 65000000  Z...f.......e...
 05c0 bf000000 70000000 a3000000 7d000000  ....p.......}...
 05d0 67000000 71000000 47000000 41000000  g...q...G...A...
 05e0 d8000000 e3000000 ad000000 af000000  ................
 05f0 af000000 3f000000 ef000000 a6000000  ....?...........
 0600 98000000 d2000000 6b000000 aa000000  ........k.......
 0610 8a000000 a8000000 45000000 8c000000  ........E.......
 0620 76000000 52000000 ad000000 a0000000  v...R...........
 0630 be000000 95000000 98000000 d3000000  ................
 0640 5d000000 73000000 87000000 b8000000  ]...s...........
 0650 9e000000 72000000 4d000000 4f000000  ....r...M...O...
 0660 5c000000 91000000 d0000000 ac000000  \...............
 0670 92000000 5a000000 b3000000 8e000000  ....Z...........
 0680 8f000000 c0000000 60000000 71000000  ........`...q...
 0690 80000000 71000000 99000000 7c000000  ....q.......|...
 06a0 ba000000 c5000000 bd000000 90000000  ................
 06b0 84000000 b5000000 66000000 b6000000  ........f.......
 06c0 72000000 9b000000 78000000 8d000000  r.......x.......
 06d0 74000000 89000000 dc000000 a3000000  t...............
 06e0 9f000000 9e000000 57000000 8a000000  ........W.......
 06f0 78000000 91000000 90000000 a2000000  x...............
 0700 a1000000 5f000000 b1000000 b1000000  ...._...........
 0710 d3000000 9c000000 96000000 5c000000  ............\...
 0720 81000000 b0000000 85000000 80000000  ................
 0730 68000000 d0000000 6c000000 93000000  h.......l.......
 0740 42000000 b1000000 68000000 98000000  B.......h.......
 0750 7d000000 7f000000 85000000 b5000000  }...............
 0760 6c000000 60000000 5e000000 5e000000  l...`...^...^...
 0770 b2000000 b9000000 aa000000 51000000  ............Q...
 0780 64000000 bb000000 3c000000 d1000000  d.......<.......
 0790 91000000 67000000 74000000 af000000  ....g...t.......
 07a0 bb000000 60000000 6d000000 57000000  ....`...m...W...
 07b0 a5000000 6a000000 88000000 5d000000  ....j.......]...
 07c0 8c000000 5d000000 41000000 d5000000  ....]...A.......
 07d0 c4000000 e0000000 66000000 a9000000  ........f.......
 07e0 64000000 86000000 88000000 86000000  d...............
 07f0 98000000 7a000000 82000000 a3000000  ....z...........
 0800 87000000 6c000000 ad000000 68000000  ....l.......h...
 0810 67000000 c8000000 61000000 ca000000  g.......a.......
 0820 ce000000 a3000000 75000000 78000000  ........u...x...
 0830 a3000000 d9000000 9a000000 d4000000  ................
 0840 a5000000 da000000 6d000000 aa000000  ........m.......
 0850 ca000000 ac000000 76000000 7e000000  ........v...~...
 0860 5c000000 92000000 89000000 c3000000  \...............
 0870 a2000000 a2000000 9c000000 91000000  ................
 0880 7e000000 76000000 71000000 a4000000  ~...v...q.......
 0890 44000000 4e000000 56000000 b2000000  D...N...V.......
 08a0 84000000 46000000 52000000 a4000000  ....F...R.......
 08b0 ba000000 cc000000 a7000000 cd000000  ................
 08c0 a2000000 5d000000 c1000000 77000000  ....].......w...
 08d0 7e000000 b8000000 7c000000 a6000000  ~.......|.......
 08e0 5d000000 8c000000 54000000 46000000  ].......T...F...
 08f0 58000000 73000000 d1000000 ab000000  X...s...........
 0900 68000000 5f000000 55000000 91000000  h..._...U.......
 0910 f0000000 57000000 b8000000 73000000  ....W.......s...
 0920 b1000000 8d000000 6d000000 d1000000  ........m.......
 0930 ad000000 8e000000 7d000000 97000000  ........}.......
 0940 3b000000 3d000000 93000000 8c000000  ;...=...........
 0950 61000000 67000000 db000000 95000000  a...g...........
 0960 aa000000 bd000000 68000000 53000000  ........h...S...
 0970 5f000000 b5000000 9d000000 94000000  _...............
 0980 39000000 b2000000 a3000000 9f000000  9...............
 0990 c0000000 87000000 8f000000 d0000000  ................
 09a0 ab000000 7a000000 c2000000 d0000000  ....z...........
 09b0 7b000000 cb000000 c5000000 b1000000  {...............
 09c0 bd000000 ba000000 d3000000 47000000  ............G...
 09d0 c2000000 81000000 8a000000 a7000000  ................
 09e0 43000000 a2000000 95000000 59000000  C...........Y...
 09f0 79000000 90000000 aa000000 80000000  y...............
 0a00 86000000 e8000000 40000000 92000000  ........@.......
 0a10 7d000000 b3000000 a9000000 89000000  }...............
 0a20 5c000000 72000000 58000000 4d000000  \...r...X...M...
 0a30 a4000000 57000000 3d000000 c5000000  ....W...=.......
 0a40 7d000000 57000000 d1000000 7f000000  }...W...........
 0a50 af000000 9c000000 e4000000 7d000000  ............}...
 0a60 ba000000 df000000 d3000000 75000000  ............u...
 0a70 86000000 56000000 5b000000 9f000000  ....V...[.......
 0a80 74000000 98000000 a3000000 9b000000  t...............
 0a90 71000000 5a000000 80000000 8a000000  q...Z...........
 0aa0 5e000000 a4000000 6f000000 70000000  ^.......o...p...
 0ab0 cb000000 91000000 5e000000 b3000000  ........^.......
 0ac0 60000000 d6000000 60000000 5c000000  `.......`...\...
 0ad0 9b000000 5a000000 88000000 55000000  ....Z.......U...
 0ae0 86000000 a6000000 4f000000 c2000000  ........O.......
 0af0 7c000000 9b000000 b9000000 50000000  |...........P...
 0b00 52000000 c1000000 a2000000 52000000  R...........R...
 0b10 65000000 aa000000 c6000000 c2000000  e...............
 0b20 71000000 bb000000 9d000000 99000000  q...............
 0b30 82000000 d8000000 b1000000 bd000000  ................
 0b40 cc000000 95000000 53000000 73000000  ........S...s...
 0b50 81000000 92000000 a5000000 df000000  ................
 0b60 86000000 a9000000 cb000000 6c000000  ............l...
 0b70 8d000000 82000000 ef000000 b3000000  ................
 0b80 87000000 4d000000 58000000 ed000000  ....M...X.......
 0b90 7c000000 eb000000 96000000 88000000  |...............
 0ba0 4c000000 6b000000 82000000 a9000000  L...k...........
 0bb0 64000000 7e000000 79000000 4d000000  d...~...y...M...
 0bc0 c9000000 3f000000 a6000000 da000000  ....?...........
 0bd0 4c000000 54000000 d8000000 c4000000  L...T...........
 0be0 e7000000 e3000000 b4000000 85000000  ................
 0bf0 71000000 3e000000 60000000 92000000  q...>...`.......
 0c00 92000000 95000000 6b000000 49000000  ........k...I...
 0c10 68000000 60000000 5c000000 85000000  h...`...\.......
 0c20 47000000 da000000 53000000 d0000000  G.......S.......
 0c30 d3000000 e0000000 a5000000 48000000  ............H...
 0c40 5e000000 7c000000 a1000000 63000000  ^...|.......c...
 0c50 a8000000 76000000 a7000000 8b000000  ....v...........
 0c60 b0000000 ff000000 b4000000 53000000  ............S...
 0c70 b0000000 c9000000 9d000000 87000000  ................
 0c80 d0000000 fa000000 52000000 c3000000  ........R.......
 0c90 ce000000 c6000000 dd000000 56000000  ............V...
 0ca0 bc000000 76000000 c4000000 92000000  ....v...........
 0cb0 c8000000 d6000000 6f000000 ab000000  ........o.......
 0cc0 6e000000 7f000000 6a000000 cc000000  n.......j.......
 0cd0 95000000 49000000 af000000 78000000  ....I.......x...
 0ce0 8e000000 c2000000 be000000 68000000  ............h...
 0cf0 87000000 48000000 8a000000 82000000  ....H...........
 0d00 70000000 8d000000 90000000 73000000  p...........s...
 0d10 ac000000 ba000000 c8000000 cf000000  ................
 0d20 ab000000 61000000 9e000000 28000000  ....a.......(...
 0d30 59000000 61000000 55000000 ba000000  Y...a...U.......
 0d40 9a000000 7a000000 bf000000 83000000  ....z...........
 0d50 84000000 56000000 b9000000 a5000000  ....V...........
 0d60 83000000 bc000000 95000000 c2000000  ................
 0d70 7d000000 8b000000 65000000 6d000000  }.......e...m...
 0d80 a8000000 c6000000 62000000 ee000000  ........b.......
 0d90 91000000 94000000 c4000000 93000000  ................
 0da0 7c000000 58000000 92000000 c3000000  |...X...........
 0db0 9c000000 87000000 b2000000 b6000000  ................
 0dc0 5d000000 a6000000 a6000000 67000000  ]...........g...
 0dd0 b8000000 6a000000 7b000000 6f000000  ....j...{...o...
 0de0 9d000000 5c000000 d6000000 84000000  ....\...........
 0df0 7a000000 df000000 dd000000 d6000000  z...............
 0e00 3d000000 c1000000 b3000000 a7000000  =...............
 0e10 ce000000 c4000000 83000000 57000000  ............W...
 0e20 53000000 50000000 c2000000 b3000000  S...P...........
 0e30 5d000000 ad000000 6b000000 72000000  ].......k...r...
 0e40 36000000 c6000000 dc000000 3f000000  6...........?...
 0e50 c1000000 59000000 a7000000 68000000  ....Y.......h...
 0e60 83000000 5d000000 a4000000 ac000000  ....]...........
 0e70 8f000000 6d000000 98000000 76000000  ....m.......v...
 0e80 4f000000 5b000000 b1000000 34000000  O...[.......4...
 0e90 e5000000 da000000 35000000 70000000  ........5...p...
 0ea0 59000000 78000000 b1000000 54000000  Y...x.......T...
 0eb0 84000000 67000000 6c000000 f1000000  ....g...l.......
 0ec0 c2000000 d3000000 d4000000 b2000000  ................
 0ed0 b2000000 d1000000 3a000000 b1000000  ........:.......
 0ee0 14000000 b8000000 c4000000 51000000  ............Q...
 0ef0 5d000000 81000000 b2000000 48000000  ]...........H...
 0f00 9d000000 6f000000 c8000000 c4000000  ....o...........
 0f10 ae000000 83000000 6d000000 7e000000  ........m...~...
 0f20 38000000 8d000000 a5000000 97000000  8...............
 0f30 88000000 88000000 37000000 c1000000  ........7.......
 0f40 54000000 7b000000 68000000 6f000000  T...{...h...o...
 0f50 76000000 78000000 71000000 d0000000  v...x...q.......
 0f60 5d000000 72000000 cd000000 e3000000  ]...r...........
 0f70 9c000000 cb000000 5a000000 6a000000  ........Z...j...
 0f80 68000000 b8000000 68000000 bf000000  h.......h.......
 0f90 bd000000 7c000000 a4000000 ae000000  ....|...........
 0fa0 64000000 8b000000 8c000000 42000000  d...........B...
 0fb0 72000000 cf000000 8d000000 78000000  r...........x...
 0fc0 87000000 91000000 12000000 7c000000  ............|...
 0fd0 9b000000 e3000000 17000000 70000000  ............p...
 0fe0 51000000 27000000 82000000 b5000000  Q...'...........
 0ff0 77000000 42000000 5a000000 5b000000  w...B...Z...[...
 1000 c1000000 bc000000 87000000 6b000000  ............k...
 1010 b9000000 bd000000 a9000000 23000000  ............#...
 1020 87000000 8f000000 7c000000 c6000000  ........|.......
 1030 73000000 47000000 ae000000 ae000000  s...G...........
 1040 bf000000 b3000000 87000000 56000000  ............V...
 1050 b0000000 61000000 d0000000 cf000000  ....a...........
 1060 99000000 60000000 85000000 ac000000  ....`...........
 1070 c4000000 96000000 b5000000 67000000  ............g...
 1080 35000000 5e000000 61000000 ac000000  5...^...a.......
 1090 6f000000 71000000 7f000000 79000000  o...q.......y...
 10a0 86000000 d9000000 85000000 c7000000  ................
 10b0 b6000000 dd000000 60000000 bb000000  ........`.......
 10c0 b6000000 74000000 79000000 4f000000  ....t...y...O...
 10d0 a9000000 8d000000 81000000 bd000000  ................
 10e0 b9000000 a4000000 8f000000 80000000  ................
 10f0 44000000 72000000 d0000000 50000000  D...r.......P...
 1100 43000000 df000000 b8000000 91000000  C...............
 1110 91000000 60000000 57000000 65000000  ....`...W...e...
 1120 d9000000 86000000 57000000 a4000000  ........W.......
 1130 b8000000 97000000 72000000 72000000  ........r...r...
 1140 b5000000 97000000 be000000 be000000  ................
 1150 8e000000 2e000000 88000000 84000000  ................
 1160 43000000 c7000000 98000000 b4000000  C...............
 1170 52000000 74000000 73000000 a1000000  R...t...s.......
 1180 4f000000 66000000 5c000000 65000000  O...f...\...e...
 1190 e7000000 9a000000 78000000 cd000000  ........x.......
 11a0 5a000000 b7000000 b4000000 9e000000  Z...............
 11b0 83000000 4f000000 81000000 bf000000  ....O...........
 11c0 b3000000 5a000000 cc000000 91000000  ....Z...........
 11d0 a6000000 b6000000 57000000 84000000  ........W.......
 11e0 4a000000 4b000000 65000000 a3000000  J...K...e.......
 11f0 93000000 52000000 53000000 70000000  ....R...S...p...
 1200 e2000000 4e000000 c2000000 b5000000  ....N...........
 1210 c3000000 b6000000 af000000 67000000  ............g...
 1220 a2000000 66000000 7e000000 fc000000  ....f...~.......
 1230 4d000000 aa000000 5e000000 d2000000  M.......^.......
 1240 61000000 67000000 9a000000 81000000  a...g...........
 1250 70000000 20000000 80000000 54000000  p... .......T...
 1260 5a000000 5b000000 8a000000 6e000000  Z...[.......n...
 1270 37000000 6c000000 bb000000 8e000000  7...l...........
 1280 59000000 5d000000 c2000000 66000000  Y...].......f...
 1290 bc000000 b4000000 7a000000 72000000  ........z...r...
 12a0 1e000000 a3000000 9c000000 6b000000  ............k...
 12b0 73000000 d7000000 31000000 e0000000  s.......1.......
 12c0 81000000 bb000000 a1000000 a2000000  ................
 12d0 cd000000 a6000000 5b000000 6c000000  ........[...l...
 12e0 65000000 60000000 c2000000 5e000000  e...`.......^...
 12f0 ce000000 5d000000 73000000 31000000  ....]...s...1...
 1300 cb000000 cf000000 c9000000 b5000000  ................
 1310 55000000 d1000000 6d000000 a1000000  U.......m.......
 1320 68000000 cb000000 b4000000 af000000  h...............
 1330 45000000 8f000000 4f000000 81000000  E.......O.......
 1340 78000000 7b000000 8f000000 58000000  x...{.......X...
 1350 a6000000 65000000 db000000 2b000000  ....e.......+...
 1360 df000000 7f000000 88000000 83000000  ................
 1370 a4000000 d5000000 57000000 65000000  ........W...e...
 1380 40000000 58000000 fc000000 62000000  @...X.......b...
 1390 8e000000 7e000000 c1000000 59000000  ....~.......Y...
 13a0 c0000000 8f000000 8c000000 63000000  ............c...
 13b0 a5000000 bf000000 66000000 cd000000  ........f.......
 13c0 6f000000 75000000 76000000 1f000000  o...u...v.......
 13d0 49000000 86000000 3c000000 6c000000  I.......<...l...
 13e0 43000000 c1000000 88000000 76000000  C...........v...
 13f0 4a000000 9e000000 9a000000 4c000000  J...........L...
 1400 99000000 bb000000 c5000000 b1000000  ................
 1410 73000000 d8000000 db000000 7c000000  s...........|...
 1420 61000000 5f000000 54000000 da000000  a..._...T.......
 1430 a1000000 81000000 a0000000 ba000000  ................
 1440 65000000 60000000 70000000 ac000000  e...`...p.......
 1450 7d000000 5c000000 57000000 2a000000  }...\...W...*...
 1460 80000000 c5000000 b2000000 77000000  ............w...
 1470 5b000000 4e000000 d0000000 86000000  [...N...........
 1480 6c000000 94000000 6d000000 e0000000  l.......m.......
 1490 c3000000 7b000000 86000000 45000000  ....{.......E...
 14a0 39000000 70000000 8b000000 57000000  9...p.......W...
 14b0 9b000000 a3000000 ae000000 d7000000  ................
 14c0 bd000000 c4000000 98000000 c4000000  ................
 14d0 b6000000 ad000000 4d000000 b9000000  ........M.......
 14e0 63000000 a5000000 ae000000 2c000000  c...........,...
 14f0 6e000000 9a000000 9b000000 76000000  n...........v...
 1500 b7000000 76000000 ad000000 71000000  ....v.......q...
 1510 5d000000 5e000000 9d000000 8a000000  ]...^...........
 1520 96000000 74000000 a0000000 89000000  ....t...........
 1530 3d000000 c6000000 a6000000 65000000  =...........e...
 1540 7a000000 92000000 4f000000 71000000  z.......O...q...
 1550 31000000 7f000000 b3000000 7f000000  1...............
 1560 6b000000 7c000000 66000000 e0000000  k...|...f.......
 1570 cc000000 77000000 3b000000 53000000  ....w...;...S...
 1580 6a000000 b2000000 86000000 4d000000  j...........M...
 1590 b8000000 a9000000 a6000000 ae000000  ................
 15a0 6e000000 58000000 1a000000 51000000  n...X.......Q...
 15b0 b7000000 cb000000 20000000 83000000  ........ .......
 15c0 e3000000 a1000000 8a000000 7e000000  ............~...
 15d0 81000000 b3000000 1c000000 85000000  ................
 15e0 6e000000 57000000 55000000 78000000  n...W...U...x...
 15f0 79000000 50000000 a1000000 26000000  y...P.......&...
 1600 bc000000 74000000 32000000 ab000000  ....t...2.......
 1610 5b000000 bc000000 c2000000 50000000  [...........P...
 1620 b5000000 d5000000 5b000000 65000000  ........[...e...
 1630 bf000000 d9000000 8b000000 a3000000  ................
 1640 55000000 a3000000 51000000 a6000000  U.......Q.......
 1650 82000000 af000000 75000000 76000000  ........u...v...
 1660 96000000 b8000000 59000000 ae000000  ........Y.......
 1670 35000000 59000000 af000000 ac000000  5...Y...........
 1680 83000000 c7000000 82000000 44000000  ............D...
 1690 82000000 92000000 63000000 68000000  ........c...h...
 16a0 57000000 b2000000 29000000 b2000000  W.......).......
 16b0 9a000000 cf000000 a1000000 88000000  ................
 16c0 89000000 46000000 85000000 19000000  ....F...........
 16d0 a0000000 b7000000 7f000000 8b000000  ................
 16e0 d8000000 ac000000 8e000000 7e000000  ............~...
 16f0 92000000 35000000 5a000000 27000000  ....5...Z...'...
 1700 e7000000 76000000 a6000000 dc000000  ....v...........
 1710 9b000000 7f000000 9e000000 87000000  ................
 1720 8d000000 3c000000 5b000000 9f000000  ....<...[.......
 1730 45000000 8a000000 92000000 bc000000  E...............
 1740 a5000000 a3000000 4f000000 cc000000  ........O.......
 1750 1c000000 75000000 8d000000 96000000  ....u...........
 1760 ac000000 78000000 b9000000 a5000000  ....x...........
 1770 96000000 45000000 af000000 bb000000  ....E...........
 1780 9e000000 a2000000 91000000 68000000  ............h...
 1790 cd000000 da000000 9b000000 f2000000  ................
 17a0 4f000000 a6000000 a8000000 51000000  O...........Q...
 17b0 72000000 9b000000 74000000 72000000  r.......t...r...
 17c0 8c000000 80000000 8e000000 97000000  ................
 17d0 d1000000 4a000000 c9000000 be000000  ....J...........
 17e0 2f000000 9b000000 75000000 67000000  /.......u...g...
 17f0 f7000000 53000000 99000000 c5000000  ....S...........
 1800 80000000 7e000000 3d000000 7b000000  ....~...=...{...
 1810 47000000 87000000 cc000000 a6000000  G...............
 1820 8c000000 ca000000 80000000 75000000  ............u...
 1830 38000000 75000000 c4000000 c6000000  8...u...........
 1840 a4000000 6f000000 e2000000 66000000  ....o.......f...
 1850 88000000 a7000000 3b000000 76000000  ........;...v...
 1860 e4000000 63000000 47000000 cf000000  ....c...G.......
 1870 ac000000 b9000000 56000000 43000000  ........V...C...
 1880 55000000 6c000000 bd000000 40000000  U...l.......@...
 1890 cc000000 74000000 7a000000 5f000000  ....t...z..._...
 18a0 23000000 cc000000 79000000 44000000  #.......y...D...
 18b0 6a000000 a9000000 c7000000 af000000  j...............
 18c0 c3000000 90000000 a8000000 a4000000  ................
 18d0 b9000000 b1000000 13000000 50000000  ............P...
 18e0 8a000000 e9000000 5f000000 5e000000  ........_...^...
 18f0 2b000000 26000000 5b000000 c9000000  +...&...[.......
 1900 70000000 a6000000 bd000000 97000000  p...............
 1910 68000000 85000000 d7000000 ab000000  h...............
 1920 9c000000 78000000 64000000 47000000  ....x...d...G...
 1930 ae000000 af000000 4b000000 77000000  ........K...w...
 1940 c7000000 78000000 83000000 83000000  ....x...........
 1950 6a000000 74000000 a6000000 67000000  j...t.......g...
 1960 b7000000 6f000000 dd000000 ae000000  ....o...........
 1970 9e000000 ad000000 ac000000 97000000  ................
 1980 af000000 6f000000 9d000000 db000000  ....o...........
 1990 63000000 ce000000 41000000 83000000  c.......A.......
 19a0 a8000000 e9000000 25000000 33000000  ........%...3...
 19b0 a9000000 8f000000 76000000 77000000  ........v...w...
 19c0 7d000000 91000000 92000000 75000000  }...........u...
 19d0 73000000 80000000 55000000 45000000  s.......U...E...
 19e0 70000000 bb000000 c0000000 49000000  p...........I...
 19f0 86000000 49000000 d8000000 45000000  ....I.......E...
 1a00 c4000000 c5000000 6b000000 75000000  ........k...u...
 1a10 74000000 b0000000 b5000000 9d000000  t...............
 1a20 ba000000 d4000000 98000000 5e000000  ............^...
 1a30 74000000 75000000 7b000000 dc000000  t...u...{.......
 1a40 bb000000 58000000 ba000000 84000000  ....X...........
 1a50 93000000 8f000000 cb000000 27000000  ............'...
 1a60 a9000000 8b000000 71000000 50000000  ........q...P...
 1a70 85000000 d4000000 65000000 a6000000  ........e.......
 1a80 b5000000 a4000000 b1000000 3b000000  ............;...
 1a90 99000000 99000000 69000000 39000000  ........i...9...
 1aa0 45000000 78000000 76000000 4b000000  E...x...v...K...
 1ab0 55000000 6c000000 ad000000 6a000000  U...l.......j...
 1ac0 ff000000 4a000000 8b000000 6d000000  ....J.......m...
 1ad0 99000000 7f000000 39000000 b8000000  ........9.......
 1ae0 6e000000 cd000000 b7000000 a1000000  n...............
 1af0 77000000 a8000000 76000000 50000000  w.......v...P...
 1b00 d7000000 89000000 7b000000 90000000  ........{.......
 1b10 93000000 75000000 8b000000 cc000000  ....u...........
 1b20 70000000 7c000000 83000000 81000000  p...|...........
 1b30 7b000000 77000000 4b000000 bf000000  {...w...K.......
 1b40 5f000000 a2000000 86000000 c2000000  _...............
 1b50 33000000 a7000000 65000000 50000000  3.......e...P...
 1b60 bd000000 d5000000 71000000 90000000  ........q.......
 1b70 66000000 9f000000 af000000 d8000000  f...............
 1b80 45000000 be000000 b5000000 a1000000  E...............
 1b90 5b000000 86000000 3e000000 a6000000  [.......>.......
 1ba0 64000000 ab000000 7d000000 70000000  d.......}...p...
 1bb0 6f000000 c1000000 26000000 75000000  o.......&...u...
 1bc0 e1000000 cb000000 3f000000 5e000000  ........?...^...
 1bd0 e4000000 3f000000 3f000000 53000000  ....?...?...S...
 1be0 8a000000 c3000000 51000000 a1000000  ........Q.......
 1bf0 9c000000 be000000 d0000000 aa000000  ................
 1c00 8a000000 a3000000 55000000 b6000000  ........U.......
 1c10 e5000000 c1000000 ce000000 5b000000  ............[...
 1c20 46000000 b2000000 71000000 b8000000  F.......q.......
 1c30 70000000 93000000 42000000 af000000  p.......B.......
 1c40 ae000000 93000000 42000000 af000000  ........B.......
 1c50 53000000 59000000 51000000 b4000000  S...Y...Q.......
 1c60 8e000000 a7000000 8d000000 a2000000  ................
 1c70 33000000 ab000000 93000000 cd000000  3...............
 1c80 5b000000 b2000000 1a000000 58000000  [...........X...
 1c90 bc000000 61000000 48000000 af000000  ....a...H.......
 1ca0 1c000000 65000000 96000000 43000000  ....e.......C...
 1cb0 74000000 d8000000 98000000 70000000  t...........p...
 1cc0 ca000000 3e000000 7d000000 79000000  ....>...}...y...
 1cd0 b1000000 73000000 52000000 99000000  ....s...R.......
 1ce0 a8000000 88000000 c0000000 59000000  ............Y...
 1cf0 67000000 48000000 62000000 79000000  g...H...b...y...
 1d00 70000000 c6000000 7d000000 e2000000  p.......}.......
 1d10 0d000000 b4000000 54000000 90000000  ........T.......
 1d20 a1000000 86000000 8f000000 cd000000  ................
 1d30 3d000000 5a000000 99000000 a4000000  =...Z...........
 1d40 d3000000 89000000 90000000 5c000000  ............\...
 1d50 f4000000 b0000000 a1000000 55000000  ............U...
 1d60 64000000 bd000000 9b000000 9f000000  d...............
 1d70 6f000000 a4000000 70000000 72000000  o.......p...r...
 1d80 bd000000 ce000000 a7000000 70000000  ............p...
 1d90 2a000000 85000000 59000000 40000000  *.......Y...@...
 1da0 a7000000 ba000000 a1000000 7e000000  ............~...
 1db0 4b000000 7f000000 51000000 59000000  K.......Q...Y...
 1dc0 b4000000 2e000000 ea000000 08000000  ................
 1dd0 8a000000 b8000000 a6000000 4b000000  ............K...
 1de0 cc000000 a0000000 7e000000 ae000000  ........~.......
 1df0 97000000 6b000000 68000000 85000000  ....k...h.......
 1e00 6a000000 b4000000 7c000000 ab000000  j.......|.......
 1e10 b9000000 5d000000 9d000000 d0000000  ....]...........
 1e20 56000000 73000000 64000000 93000000  V...s...d.......
 1e30 79000000 68000000 52000000 98000000  y...h...R.......
 1e40 73000000 c4000000 e9000000 95000000  s...............
 1e50 45000000 6d000000 82000000 8b000000  E...m...........
 1e60 d0000000 a6000000 82000000 98000000  ................
 1e70 c0000000 59000000 4d000000 7a000000  ....Y...M...z...
 1e80 69000000 cf000000 6f000000 78000000  i.......o...x...
 1e90 38000000 bf000000 5b000000 ba000000  8.......[.......
 1ea0 64000000 e2000000 5c000000 b0000000  d.......\.......
 1eb0 6d000000 c6000000 49000000 a8000000  m.......I.......
 1ec0 ac000000 30000000 97000000 6c000000  ....0.......l...
 1ed0 8d000000 8f000000 5d000000 20000000  ........]... ...
 1ee0 66000000 e7000000 7e000000 3d000000  f.......~...=...
 1ef0 8f000000 b7000000 c3000000 9c000000  ................
 1f00 91000000 75000000 89000000 b7000000  ....u...........
 1f10 a0000000 9a000000 6b000000 d6000000  ........k.......
 1f20 a3000000 32000000 c2000000 df000000  ....2...........
 1f30 78000000 97000000 7e000000 dc000000  x.......~.......
 1f40 f2000000 d0000000 82000000 b8000000  ................
 1f50 4b000000 51000000 56000000 70000000  K...Q...V...p...
 1f60 8e000000 80000000 4b000000 ae000000  ........K.......
 1f70 6e000000 a0000000 82000000 72000000  n...........r...
 1f80 98000000 ad000000 6b000000 cf000000  ........k.......
 1f90 b8000000 53000000 99000000 91000000  ....S...........
 1fa0 54000000 5e000000 5c000000 56000000  T...^...\...V...
 1fb0 7d000000 a8000000 9d000000 aa000000  }...............
 1fc0 b8000000 60000000 a4000000 8a000000  ....`...........
 1fd0 d4000000 8e000000 76000000 58000000  ........v...X...
 1fe0 77000000 fb000000 78000000 7c000000  w.......x...|...
 1ff0 8f000000 c0000000 b1000000 c0000000  ................
 2000 6a000000 ac000000 47000000 92000000  j.......G.......
 2010 ae000000 94000000 59000000 7f000000  ........Y.......
 2020 95000000 76000000 c7000000 b1000000  ....v...........
 2030 8f000000 cb000000 92000000 c2000000  ................
 2040 8e000000 51000000 82000000 a6000000  ....Q...........
 2050 74000000 8c000000 9c000000 b7000000  t...............
 2060 76000000 5e000000 82000000 70000000  v...^.......p...
 2070 bf000000 b1000000 d9000000 be000000  ................
 2080 b5000000 86000000 b1000000 45000000  ............E...
 2090 4d000000 ab000000 7e000000 2c000000  M.......~...,...
 20a0 a6000000 ae000000 15000000 95000000  ................
 20b0 79000000 98000000 86000000 b7000000  y...............
 20c0 93000000 36000000 8c000000 94000000  ....6...........
 20d0 6c000000 7b000000 a6000000 ea000000  l...{...........
 20e0 ba000000 9f000000 83000000 a6000000  ................
 20f0 68000000 9e000000 ba000000 a1000000  h...............
 2100 89000000 5e000000 83000000 79000000  ....^.......y...
 2110 a5000000 96000000 c9000000 96000000  ................
 2120 aa000000 8c000000 d4000000 78000000  ............x...
 2130 3a000000 6d000000 52000000 bc000000  :...m...R.......
 2140 7b000000 86000000 4d000000 b0000000  {.......M.......
 2150 92000000 a8000000 a6000000 53000000  ............S...
 2160 b2000000 4e000000 70000000 bd000000  ....N...p.......
 2170 0c000000 44000000 a0000000 85000000  ....D...........
 2180 ab000000 ce000000 33000000 82000000  ........3.......
 2190 ae000000 f0000000 73000000 b7000000  ........s.......
 21a0 24000000 8b000000 11000000 93000000  $...............
 21b0 32000000 c3000000 69000000 7a000000  2.......i...z...
 21c0 a2000000 95000000 aa000000 a4000000  ................
 21d0 57000000 53000000 c6000000 84000000  W...S...........
 21e0 6e000000 c6000000 3a000000 9e000000  n.......:.......
 21f0 ea000000 be000000 83000000 d9000000  ................
 2200 a4000000 54000000 4c000000 66000000  ....T...L...f...
 2210 00000000 a8000000 74000000 ab000000  ........t.......
 2220 c3000000 5a000000 d9000000 cd000000  ....Z...........
 2230 94000000 da000000 4f000000 c9000000  ........O.......
 2240 df000000 fb000000 fe000000 69000000  ............i...
 2250 88000000 7b000000 ad000000 9d000000  ....{...........
 2260 46000000 c4000000 71000000 68000000  F.......q...h...
 2270 95000000 64000000 ba000000 6b000000  ....d.......k...
 2280 8c000000 e5000000 97000000 46000000  ............F...
 2290 56000000 c8000000 60000000 76000000  V.......`...v...
 22a0 9b000000 ae000000 5b000000 4d000000  ........[...M...
 22b0 9c000000 90000000 3d000000 28000000  ........=...(...
 22c0 bd000000 5a000000 ed000000 99000000  ....Z...........
 22d0 08000000 58000000 7b000000 83000000  ....X...{.......
 22e0 68000000 c9000000 cc000000 89000000  h...............
 22f0 8d000000 6d000000 8d000000 65000000  ....m.......e...
 2300 8d000000 ad000000 b6000000 b6000000  ................
 2310 35000000 4d000000 d5000000 a3000000  5...M...........
 2320 82000000 a3000000 9d000000 56000000  ............V...
 2330 d6000000 dc000000 6c000000 ba000000  ........l.......
 2340 83000000 c3000000 da000000 50000000  ............P...
 2350 68000000 ce000000 94000000 a2000000  h...............
 2360 dc000000 4d000000 c3000000 8f000000  ....M...........
 2370 f2000000 b2000000 d7000000 cf000000  ................
 2380 70000000 83000000 c7000000 bb000000  p...............
 2390 57000000 86000000 a6000000 a1000000  W...............
 23a0 63000000 8c000000 87000000 67000000  c...........g...
 23b0 64000000 a6000000 ba000000 91000000  d...............
 23c0 b6000000 83000000 c6000000 3f000000  ............?...
 23d0 49000000 d1000000 4a000000 8a000000  I.......J.......
 23e0 c7000000 b4000000 a2000000 74000000  ............t...
 23f0 26000000 55000000 51000000 e8000000  &...U...Q.......
 2400 49000000 d0000000 a7000000 64000000  I...........d...
 2410 64000000 aa000000 a7000000 a9000000  d...............
 2420 99000000 52000000 b1000000 b0000000  ....R...........
 2430 b2000000 ad000000 6d000000 c7000000  ........m.......
 2440 b2000000 a6000000 b1000000 ae000000  ................
 2450 bd000000 5e000000 ce000000 59000000  ....^.......Y...
 2460 b9000000 c9000000 92000000 d3000000  ................
 2470 a0000000 5e000000 71000000 89000000  ....^...q.......
 2480 a4000000 37000000 84000000 c3000000  ....7...........
 2490 7b000000 cc000000 49000000 c5000000  {.......I.......
 24a0 56000000 20000000 b4000000 a9000000  V... ...........
 24b0 5b000000 70000000 4f000000 89000000  [...p...O.......
 24c0 e2000000 18000000 3b000000 71000000  ........;...q...
 24d0 55000000 b7000000 52000000 c6000000  U.......R.......
 24e0 4a000000 62000000 51000000 9b000000  J...b...Q.......
 24f0 8d000000 5d000000 b9000000 70000000  ....].......p...
 2500 83000000 47000000 4d000000 64000000  ....G...M...d...
 2510 ac000000 ad000000 91000000 aa000000  ................
 2520 9e000000 b3000000 7f000000 7a000000  ............z...
 2530 90000000 80000000 b7000000 c9000000  ................
 2540 8f000000 9a000000 8b000000 60000000  ............`...
 2550 39000000 92000000 6e000000 81000000  9.......n.......
 2560 d1000000 86000000 ac000000 81000000  ................
 2570 cb000000 b4000000 d8000000 a3000000  ................
 2580 5f000000 6e000000 49000000 69000000  _...n...I...i...
 2590 39000000 8e000000 b6000000 60000000  9...........`...
 25a0 a5000000 9d000000 40000000 b5000000  ........@.......
 25b0 39000000 cf000000 a9000000 72000000  9...........r...
 25c0 90000000 59000000 bf000000 4d000000  ....Y.......M...
 25d0 a0000000 71000000 5a000000 8b000000  ....q...Z.......
 25e0 56000000 5d000000 37000000 a7000000  V...]...7.......
 25f0 94000000 57000000 96000000 a2000000  ....W...........
 2600 67000000 9c000000 a6000000 e1000000  g...............
 2610 bb000000 6a000000 7e000000 9f000000  ....j...~.......
 2620 74000000 4c000000 d9000000 99000000  t...L...........
 2630 40000000 9d000000 c7000000 dd000000  @...............
 2640 8e000000 83000000 37000000 9c000000  ........7.......
 2650 5a000000 93000000 f1000000 62000000  Z...........b...
 2660 91000000 a2000000 4c000000 6a000000  ........L...j...
 2670 9c000000 7f000000 d9000000 99000000  ................
 2680 55000000 87000000 3f000000 9a000000  U.......?.......
 2690 87000000 ab000000 45000000 28000000  ........E...(...
 26a0 54000000 17000000 9f000000 5b000000  T...........[...
 26b0 45000000 b7000000 79000000 c6000000  E.......y.......
 26c0 71000000 6b000000 b4000000 2e000000  q...k...........
 26d0 a2000000 95000000 95000000 6e000000  ............n...
 26e0 a3000000 db000000 5e000000 5d000000  ........^...]...
 26f0 cd000000 8f000000 db000000 97000000  ................
 2700 b4000000 65000000 97000000 a6000000  ....e...........
 2710 9d000000 37000000 80000000 85000000  ....7...........
 2720 8a000000 a3000000 87000000 8f000000  ................
 2730 98000000 81000000 93000000 55000000  ............U...
 2740 c3000000 88000000 36000000 53000000  ........6...S...
 2750 d7000000 b0000000 50000000 99000000  ........P.......
 2760 8f000000 79000000 61000000 4c000000  ....y...a...L...
 2770 74000000 85000000 be000000 b9000000  t...............
 2780 7b000000 71000000 ae000000 60000000  {...q.......`...
 2790 b0000000 6d000000 23000000 bd000000  ....m...#.......
 27a0 7a000000 5f000000 6a000000 32000000  z..._...j...2...
 27b0 9e000000 98000000 98000000 7e000000  ............~...
 27c0 9f000000 3e000000 74000000 3f000000  ....>...t...?...
 27d0 63000000 62000000 b0000000 61000000  c...b.......a...
 27e0 b0000000 4c000000 b5000000 31000000  ....L.......1...
 27f0 80000000 b9000000 8e000000 65000000  ............e...
 2800 7b000000 91000000 80000000 8a000000  {...............
 2810 66000000 00000000 64000000 96000000  f.......d.......
 2820 a9000000 6e000000 3b000000 9b000000  ....n...;.......
 2830 70000000 3f000000 54000000 72000000  p...?...T...r...
 2840 a7000000 79000000 5a000000 61000000  ....y...Z...a...
 2850 d0000000 7e000000 8e000000 c8000000  ....~...........
 2860 55000000 b4000000 81000000 90000000  U...............
 2870 5b000000 24000000 ba000000 69000000  [...$.......i...
 2880 b5000000 72000000 aa000000 8f000000  ....r...........
 2890 8c000000 84000000 6e000000 af000000  ........n.......
 28a0 53000000 65000000 d1000000 5f000000  S...e......._...
 28b0 64000000 c2000000 4e000000 98000000  d.......N.......
 28c0 67000000 77000000 a5000000 46000000  g...w.......F...
 28d0 7c000000 69000000 6f000000 54000000  |...i...o...T...
 28e0 61000000 58000000 ab000000 34000000  a...X.......4...
 28f0 8e000000 9d000000 5d000000 2c000000  ........]...,...
 2900 6c000000 6d000000 b1000000 ad000000  l...m...........
 2910 d5000000 57000000 86000000 95000000  ....W...........
 2920 6f000000 99000000 76000000 74000000  o.......v...t...
 2930 88000000 b8000000 74000000 66000000  ........t...f...
 2940 ad000000 48000000 55000000 6c000000  ....H...U...l...
 2950 88000000 98000000 ab000000 77000000  ............w...
 2960 68000000 56000000 5a000000 b9000000  h...V...Z.......
 2970 a9000000 37000000 85000000 6b000000  ....7.......k...
 2980 c8000000 7e000000 54000000 5c000000  ....~...T...\...
 2990 ab000000 ac000000 60000000 ab000000  ........`.......
 29a0 66000000 73000000 ab000000 53000000  f...s.......S...
 29b0 d0000000 c8000000 91000000 bd000000  ................
 29c0 67000000 4e000000 8d000000 59000000  g...N.......Y...
 29d0 70000000 78000000 41000000 7a000000  p...x...A...z...
 29e0 60000000 bc000000 a8000000 b1000000  `...............
 29f0 a9000000 78000000 95000000 29000000  ....x.......)...
 2a00 7e000000 a2000000 a7000000 35000000  ~...........5...
 2a10 be000000 62000000 66000000 95000000  ....b...f.......
 2a20 6f000000 a7000000 ce000000 70000000  o...........p...
 2a30 75000000 83000000 96000000 a3000000  u...............
 2a40 a9000000 70000000 b6000000 7d000000  ....p.......}...
 2a50 ab000000 57000000 76000000 3c000000  ....W...v...<...
 2a60 9c000000 94000000 9f000000 81000000  ................
 2a70 79000000 73000000 1e000000 72000000  y...s.......r...
 2a80 bc000000 92000000 ab000000 c5000000  ................
 2a90 95000000 b8000000 50000000 ac000000  ........P.......
 2aa0 3e000000 95000000 6f000000 ac000000  >.......o.......
 2ab0 b7000000 5b000000 ad000000 ae000000  ....[...........
 2ac0 67000000 55000000 6d000000 9b000000  g...U...m.......
 2ad0 8d000000 27000000 49000000 73000000  ....'...I...s...
 2ae0 74000000 a3000000 a5000000 67000000  t...........g...
 2af0 b8000000 cd000000 84000000 8f000000  ................
 2b00 95000000 94000000 aa000000 51000000  ............Q...
 2b10 82000000 70000000 3f000000 9d000000  ....p...?.......
 2b20 75000000 96000000 97000000 8c000000  u...............
 2b30 82000000 70000000 b2000000 be000000  ....p...........
 2b40 b2000000 af000000 91000000 6f000000  ............o...
 2b50 7d000000 6d000000 5f000000 44000000  }...m..._...D...
 2b60 82000000 85000000 ba000000 6d000000  ............m...
 2b70 8f000000 97000000 3a000000 6b000000  ........:...k...
 2b80 89000000 9d000000 63000000 66000000  ........c...f...
 2b90 be000000 8d000000 93000000 66000000  ............f...
 2ba0 51000000 9d000000 8d000000 a9000000  Q...............
 2bb0 84000000 7b000000 5b000000 b1000000  ....{...[.......
 2bc0 b3000000 55000000 a9000000 ba000000  ....U...........
 2bd0 70000000 37000000 63000000 cd000000  p...7...c.......
 2be0 97000000 a8000000 41000000 62000000  ........A...b...
 2bf0 bf000000 e4000000 71000000 74000000  ........q...t...
 2c00 60000000 70000000 63000000 be000000  `...p...c.......
 2c10 a2000000 ad000000 a0000000 63000000  ............c...
 2c20 74000000 a0000000 a6000000 c0000000  t...............
 2c30 5a000000 58000000 91000000 8e000000  Z...X...........
 2c40 90000000 70000000 4b000000 8a000000  ....p...K.......
 2c50 99000000 84000000 76000000 87000000  ........v.......
 2c60 a5000000 7a000000 62000000 76000000  ....z...b...v...
 2c70 96000000 cd000000 d8000000 a4000000  ................
 2c80 73000000 93000000 88000000 6b000000  s...........k...
 2c90 63000000 81000000 25000000 b9000000  c.......%.......
 2ca0 4e000000 89000000 4f000000 6c000000  N.......O...l...
 2cb0 90000000 81000000 96000000 6a000000  ............j...
 2cc0 80000000 47000000 6f000000 3c000000  ....G...o...<...
 2cd0 4e000000 69000000 60000000 97000000  N...i...`.......
 2ce0 88000000 8d000000 65000000 7b000000  ........e...{...
 2cf0 b6000000 5d000000 89000000 a4000000  ....]...........
 2d00 71000000 6e000000 7a000000 52000000  q...n...z...R...
 2d10 b0000000 71000000 6e000000 32000000  ....q...n...2...
 2d20 7e000000 90000000 38000000 a7000000  ~.......8.......
 2d30 c3000000 97000000 91000000 61000000  ............a...
 2d40 98000000 5f000000 6b000000 6b000000  ...._...k...k...
 2d50 67000000 7f000000 a2000000 77000000  g...........w...
 2d60 82000000 8f000000 75000000 94000000  ........u.......
 2d70 76000000 6d000000 a8000000 b8000000  v...m...........
 2d80 70000000 9c000000 65000000 b4000000  p.......e.......
 2d90 83000000 d0000000 5b000000 81000000  ........[.......
 2da0 76000000 a5000000 99000000 76000000  v...........v...
 2db0 73000000 88000000 6f000000 6d000000  s.......o...m...
 2dc0 85000000 9f000000 90000000 a6000000  ................
 2dd0 3d000000 85000000 b1000000 4b000000  =...........K...
 2de0 b6000000 a6000000 55000000 7d000000  ........U...}...
 2df0 7a000000 a2000000 a8000000 9c000000  z...............
 2e00 6b000000 98000000 77000000 5f000000  k.......w..._...
 2e10 a2000000 74000000 71000000 81000000  ....t...q.......
 2e20 86000000 93000000 53000000 64000000  ........S...d...
 2e30 87000000 85000000 7c000000 7f000000  ........|.......
 2e40 c1000000 63000000 6f000000 cb000000  ....c...o.......
 2e50 59000000 8c000000 ac000000 7f000000  Y...............
 2e60 7d000000 89000000 90000000 aa000000  }...............
 2e70 a1000000 64000000 a7000000 d7000000  ....d...........
 2e80 98000000 72000000 40000000 b5000000  ....r...@.......
 2e90 85000000 9d000000 b6000000 77000000  ............w...
 2ea0 60000000 46000000 92000000 8c000000  `...F...........
 2eb0 bc000000 ac000000 2e000000 71000000  ............q...
 2ec0 a1000000 6f000000 97000000 87000000  ....o...........
 2ed0 50000000 5c000000 b3000000 5e000000  P...\.......^...
 2ee0 a1000000 b1000000 70000000 48000000  ........p...H...
 2ef0 a9000000 a6000000 61000000 76000000  ........a...v...
 2f00 98000000 6d000000 78000000 8c000000  ....m...x.......
 2f10 93000000 39000000 ae000000 4a000000  ....9.......J...
 2f20 8e000000 7c000000 69000000 51000000  ....|...i...Q...
 2f30 66000000 b3000000 5d000000 d2000000  f.......].......
 2f40 94000000 6e000000 8e000000 59000000  ....n.......Y...
 2f50 9f000000 64000000 4e000000 8c000000  ....d...N.......
 2f60 6a000000 37000000 72000000 82000000  j...7...r.......
 2f70 73000000 77000000 4c000000 55000000  s...w...L...U...
 2f80 88000000 b5000000 5a000000 77000000  ........Z...w...
 2f90 c1000000 78000000 61000000 84000000  ....x...a.......
 2fa0 4d000000 86000000 81000000 45000000  M...........E...
 2fb0 ae000000 ad000000 a9000000 89000000  ................
 2fc0 6f000000 68000000 ab000000 86000000  o...h...........
 2fd0 8a000000 8d000000 5f000000 c3000000  ........_.......
 2fe0 a0000000 cc000000 66000000 55000000  ........f...U...
 2ff0 94000000 cc000000 88000000 61000000  ............a...
 3000 98000000 bc000000 8d000000 52000000  ............R...
 3010 d5000000 92000000 7d000000 15000000  ........}.......
 3020 9d000000 3b000000 6c000000 8c000000  ....;...l.......
 3030 a4000000 b4000000 b4000000 d0000000  ................
 3040 70000000 b1000000 78000000 ae000000  p.......x.......
 3050 67000000 7d000000 5c000000 52000000  g...}...\...R...
 3060 62000000 4b000000 68000000 7a000000  b...K...h...z...
 3070 5d000000 a4000000 3f000000 46000000  ].......?...F...
 3080 aa000000 84000000 77000000 9f000000  ........w.......
 3090 6a000000 93000000 71000000 8d000000  j.......q.......
 30a0 26000000 8a000000 76000000 93000000  &.......v.......
 30b0 81000000 9d000000 7e000000 a9000000  ........~.......
 30c0 5b000000 89000000 a1000000 98000000  [...............
 30d0 be000000 7a000000 50000000 83000000  ....z...P.......
 30e0 9e000000 b2000000 b3000000 a2000000  ................
 30f0 72000000 75000000 57000000 93000000  r...u...W.......
 3100 c1000000 90000000 8c000000 aa000000  ................
 3110 89000000 76000000 72000000 77000000  ....v...r...w...
 3120 6b000000 ba000000 55000000 7d000000  k.......U...}...
 3130 6c000000 5b000000 8d000000 77000000  l...[.......w...
 3140 a1000000 a1000000 8c000000 74000000  ............t...
 3150 8b000000 a8000000 b0000000 b2000000  ................
 3160 49000000 97000000 41000000 ac000000  I.......A.......
 3170 a3000000 ae000000 a1000000 74000000  ............t...
 3180 c0000000 41000000 a4000000 a9000000  ....A...........
 3190 55000000 6b000000 7c000000 96000000  U...k...|.......
 31a0 78000000 48000000 74000000 4e000000  x...H...t...N...
 31b0 60000000 5a000000 6c000000 73000000  `...Z...l...s...
 31c0 4d000000 34000000 a6000000 bb000000  M...4...........
 31d0 a6000000 61000000 80000000 9e000000  ....a...........
 31e0 67000000 67000000 67000000 34000000  g...g...g...4...
 31f0 aa000000 8e000000 9e000000 62000000  ............b...
 3200 3e000000 83000000 79000000 70000000  >.......y...p...
 3210 87000000 8a000000 c8000000 93000000  ................
 3220 aa000000 49000000 84000000 b1000000  ....I...........
 3230 a9000000 8b000000 7a000000 63000000  ........z...c...
 3240 9e000000 b7000000 4e000000 72000000  ........N...r...
 3250 6d000000 b7000000 bc000000 8b000000  m...............
 3260 48000000 7a000000 8d000000 6f000000  H...z.......o...
 3270 8c000000 84000000 88000000 a9000000  ................
 3280 aa000000 97000000 79000000 99000000  ........y.......
 3290 5f000000 84000000 69000000 b8000000  _.......i.......
 32a0 3e000000 4d000000 93000000 71000000  >...M.......q...
 32b0 5a000000 6d000000 44000000 84000000  Z...m...D.......
 32c0 42000000 82000000 5d000000 72000000  B.......]...r...
 32d0 67000000 9f000000 a1000000 46000000  g...........F...
 32e0 60000000 49000000 41000000 79000000  `...I...A...y...
 32f0 84000000 ba000000 9b000000 8c000000  ................
 3300 66000000 60000000 5b000000 8d000000  f...`...[.......
 3310 6c000000 58000000 a6000000 20000000  l...X....... ...
 3320 ac000000 9b000000 3c000000 85000000  ........<.......
 3330 cd000000 94000000 5b000000 63000000  ........[...c...
 3340 49000000 bf000000 83000000 9a000000  I...............
 3350 62000000 62000000 76000000 bb000000  b...b...v.......
 3360 6b000000 b9000000 a7000000 bb000000  k...............
 3370 b4000000 a9000000 af000000 5e000000  ............^...
 3380 af000000 b6000000 85000000 8c000000  ................
 3390 4c000000 c4000000 4b000000 86000000  L.......K.......
 33a0 94000000 ae000000 6e000000 95000000  ........n.......
 33b0 7b000000 4d000000 82000000 92000000  {...M...........
 33c0 b4000000 6c000000 98000000 78000000  ....l.......x...
 33d0 8e000000 4e000000 77000000 8a000000  ....N...w.......
 33e0 83000000 4f000000 65000000 91000000  ....O...e.......
 33f0 9c000000 bc000000 95000000 a9000000  ................
 3400 d0000000 93000000 ad000000 97000000  ................
 3410 71000000 82000000 4b000000 7b000000  q.......K...{...
 3420 8e000000 ad000000 82000000 54000000  ............T...
 3430 7a000000 a3000000 b9000000 ad000000  z...............
 3440 a7000000 81000000 67000000 9f000000  ........g.......
 3450 7d000000 5a000000 aa000000 92000000  }...Z...........
 3460 90000000 64000000 a8000000 ab000000  ....d...........
 3470 9a000000 6a000000 ac000000 85000000  ....j...........
 3480 6a000000 6d000000 53000000 a7000000  j...m...S.......
 3490 7f000000 d1000000 5c000000 7b000000  ........\...{...
 34a0 46000000 6e000000 7b000000 67000000  F...n...{...g...
 34b0 79000000 a8000000 6e000000 90000000  y.......n.......
 34c0 b9000000 8f000000 9d000000 52000000  ............R...
 34d0 ab000000 66000000 8b000000 5c000000  ....f.......\...
 34e0 aa000000 8d000000 97000000 b7000000  ................
 34f0 7b000000 63000000 53000000 a0000000  {...c...S.......
 3500 a2000000 59000000 a6000000 70000000  ....Y.......p...
 3510 a6000000 7d000000 68000000 87000000  ....}...h.......
 3520 99000000 42000000 88000000 33000000  ....B.......3...
 3530 5f000000 ad000000 86000000 7b000000  _...........{...
 3540 b7000000 93000000 6d000000 ad000000  ........m.......
 3550 74000000 a9000000 43000000 62000000  t.......C...b...
 3560 79000000 66000000 73000000 c3000000  y...f...s.......
 3570 57000000 97000000 65000000 84000000  W.......e.......
 3580 6b000000 b4000000 91000000 5f000000  k..........._...
 3590 5c000000 96000000 40000000 39000000  \.......@...9...
 35a0 43000000 c6000000 77000000 aa000000  C.......w.......
 35b0 a9000000 a7000000 96000000 a6000000  ................
 35c0 b0000000 77000000 53000000 8a000000  ....w...S.......
 35d0 67000000 a1000000 21000000 53000000  g.......!...S...
 35e0 a0000000 a2000000 b8000000 33000000  ............3...
 35f0 8a000000 80000000 8e000000 6f000000  ............o...
 3600 53000000 91000000 a0000000 98000000  S...............
 3610 d8000000 93000000 85000000 4e000000  ............N...
 3620 75000000 9b000000 37000000 ad000000  u.......7.......
 3630 70000000 7e000000 79000000 52000000  p...~...y...R...
 3640 a0000000 a6000000 8c000000 4f000000  ............O...
 3650 ab000000 92000000 ac000000 79000000  ............y...
 3660 62000000 77000000 85000000 92000000  b...w...........
 3670 b0000000 82000000 37000000 54000000  ........7...T...
 3680 99000000 3b000000 b0000000 c3000000  ....;...........
 3690 a8000000 ad000000 97000000 8b000000  ................
 36a0 4f000000 9e000000 6b000000 54000000  O.......k...T...
 36b0 aa000000 ae000000 b8000000 c4000000  ................
 36c0 83000000 40000000 69000000 2c000000  ....@...i...,...
 36d0 9e000000 78000000 45000000 9e000000  ....x...E.......
 36e0 77000000 72000000 53000000 60000000  w...r...S...`...
 36f0 b4000000 5a000000 81000000 6b000000  ....Z.......k...
 3700 8e000000 a8000000 48000000 65000000  ........H...e...
 3710 71000000 74000000 a8000000 7f000000  q...t...........
 3720 79000000 4d000000 43000000 ad000000  y...M...C.......
 3730 61000000 a4000000 76000000 be000000  a.......v.......
 3740 8c000000 a0000000 40000000 60000000  ........@...`...
 3750 4f000000 3b000000 6e000000 bb000000  O...;...n.......
 3760 7f000000 96000000 72000000 b0000000  ........r.......
 3770 bc000000 96000000 66000000 77000000  ........f...w...
 3780 9a000000 87000000 84000000 4e000000  ............N...
 3790 9c000000 ac000000 6e000000 cb000000  ........n.......
 37a0 84000000 9d000000 92000000 ab000000  ................
 37b0 68000000 7f000000 75000000 73000000  h.......u...s...
 37c0 6e000000 73000000 8b000000 71000000  n...s.......q...
 37d0 4c000000 46000000 2d000000 a6000000  L...F...-.......
 37e0 a1000000 af000000 81000000 50000000  ............P...
 37f0 8d000000 88000000 63000000 9b000000  ........c.......
 3800 5f000000 9c000000 36000000 af000000  _.......6.......
 3810 8c000000 7b000000 af000000 7d000000  ....{.......}...
 3820 a7000000 6d000000 b5000000 a1000000  ....m...........
 3830 9e000000 61000000 7b000000 79000000  ....a...{...y...
 3840 a9000000 ce000000 a9000000 50000000  ............P...
 3850 b6000000 bd000000 87000000 92000000  ................
 3860 54000000 b9000000 ae000000 3d000000  T...........=...
 3870 a2000000 b2000000 ba000000 8a000000  ................
 3880 8e000000 75000000 87000000 99000000  ....u...........
 3890 56000000 98000000 87000000 6e000000  V...........n...
 38a0 2c000000 90000000 62000000 7a000000  ,.......b...z...
 38b0 b5000000 93000000 67000000 c4000000  ........g.......
 38c0 8d000000 68000000 9a000000 a5000000  ....h...........
 38d0 92000000 94000000 66000000 79000000  ........f...y...
 38e0 8c000000 c4000000 6a000000 82000000  ........j.......
 38f0 4a000000 5f000000 92000000 77000000  J..._.......w...
 3900 ae000000 a4000000 4e000000 4a000000  ........N...J...
 3910 cd000000 51000000 b4000000 45000000  ....Q.......E...
 3920 8e000000 82000000 9c000000 71000000  ............q...
 3930 71000000 67000000 9c000000 74000000  q...g.......t...
 3940 57000000 89000000 6d000000 a2000000  W.......m.......
 3950 78000000 5f000000 91000000 49000000  x..._.......I...
 3960 87000000 5b000000 7e000000 a8000000  ....[...~.......
 3970 70000000 a3000000 c6000000 8c000000  p...............
 3980 85000000 5e000000 49000000 6a000000  ....^...I...j...
 3990 88000000 a4000000 7a000000 64000000  ........z...d...
 39a0 90000000 8b000000 68000000 99000000  ........h.......
 39b0 7d000000 64000000 59000000 87000000  }...d...Y.......
 39c0 57000000 78000000 94000000 92000000  W...x...........
 39d0 4f000000 86000000 97000000 73000000  O...........s...
 39e0 60000000 7f000000 56000000 80000000  `.......V.......
 39f0 c2000000 bd000000 58000000 7a000000  ........X...z...
 3a00 8d000000 71000000 9c000000 72000000  ....q.......r...
 3a10 87000000 99000000 3d000000 1e000000  ........=.......
 3a20 61000000 6d000000 56000000 af000000  a...m...V.......
 3a30 5b000000 b2000000 b9000000 c2000000  [...............
 3a40 b5000000 b1000000 91000000 60000000  ............`...
 3a50 8f000000 9d000000 66000000 4d000000  ........f...M...
 3a60 69000000 8f000000 94000000 9e000000  i...............
 3a70 8b000000 b3000000 8b000000 5e000000  ............^...
 3a80 8b000000 9b000000 e0000000 72000000  ............r...
 3a90 ac000000 7c000000 7a000000 5a000000  ....|...z...Z...
 3aa0 a6000000 8b000000 9a000000 b0000000  ................
 3ab0 c2000000 72000000 91000000 72000000  ....r.......r...
 3ac0 92000000 6a000000 b7000000 74000000  ....j.......t...
 3ad0 75000000 66000000 79000000 6f000000  u...f...y...o...
 3ae0 98000000 c4000000 9f000000 a1000000  ................
 3af0 62000000 91000000 6b000000 95000000  b.......k.......
 3b00 a1000000 4d000000 bd000000 b5000000  ....M...........
 3b10 ff000000 5f000000 7e000000 84000000  ...._...~.......
 3b20 6a000000 6d000000 60000000 99000000  j...m...`.......
 3b30 36000000 89000000 62000000 70000000  6.......b...p...
 3b40 8f000000 5c000000 94000000 6d000000  ....\.......m...
 3b50 6e000000 57000000 90000000 4d000000  n...W.......M...
 3b60 88000000 87000000 a1000000 38000000  ............8...
 3b70 2f000000 30000000 8b000000 d2000000  /...0...........
 3b80 e4000000 47000000 55000000 4f000000  ....G...U...O...
 3b90 80000000 7b000000 ac000000 b4000000  ....{...........
 3ba0 6e000000 79000000 73000000 28000000  n...y...s...(...
 3bb0 80000000 ae000000 52000000 a9000000  ........R.......
 3bc0 76000000 97000000 6d000000 56000000  v.......m...V...
 3bd0 bf000000 4e000000 9b000000 66000000  ....N.......f...
 3be0 a4000000 6d000000 b6000000 7f000000  ....m...........
 3bf0 76000000 bf000000 40000000 76000000  v.......@...v...
 3c00 59000000 72000000 66000000 2d000000  Y...r...f...-...
 3c10 ed000000 57000000 a4000000 4f000000  ....W.......O...
 3c20 9a000000 3a000000 18000000 96000000  ....:...........
 3c30 a2000000 ad000000 8f000000 b1000000  ................
 3c40 89000000 92000000 b0000000 80000000  ................
 3c50 ac000000 7f000000 9b000000 3b000000  ............;...
 3c60 50000000 40000000 8c000000 61000000  P...@.......a...
 3c70 a7000000 7e000000 45000000 ca000000  ....~...E.......
 3c80 d0000000 45000000 88000000 ae000000  ....E...........
 3c90 e3000000 df000000 9d000000 64000000  ............d...
 3ca0 70000000 7b000000 8a000000 7e000000  p...{.......~...
 3cb0 7b000000 9e000000 cf000000 90000000  {...............
 3cc0 a4000000 7e000000 78000000 76000000  ....~...x...v...
 3cd0 7e000000 45000000 49000000 97000000  ~...E...I.......
 3ce0 9b000000 94000000 8a000000 62000000  ............b...
 3cf0 b8000000 74000000 67000000 79000000  ....t...g...y...
 3d00 6e000000 5d000000 44000000 52000000  n...]...D...R...
 3d10 fa000000 5f000000 78000000 94000000  ...._...x.......
 3d20 6d000000 7a000000 2c000000 ba000000  m...z...,.......
 3d30 9e000000 78000000 71000000 9f000000  ....x...q.......
 3d40 90000000 dd000000 94000000 b2000000  ................
 3d50 54000000 72000000 4f000000 65000000  T...r...O...e...
 3d60 71000000 6e000000 a0000000 94000000  q...n...........
 3d70 8f000000 81000000 49000000 76000000  ........I...v...
 3d80 a8000000 82000000 60000000 6d000000  ........`...m...
 3d90 69000000 b8000000 8f000000 84000000  i...............
 3da0 52000000 7e000000 6f000000 c7000000  R...~...o.......
 3db0 82000000 a3000000 94000000 b8000000  ................
 3dc0 ae000000 8e000000 67000000 a1000000  ........g.......
 3dd0 8b000000 4b000000 5e000000 59000000  ....K...^...Y...
 3de0 96000000 8c000000 98000000 6a000000  ............j...
 3df0 91000000 a2000000 ad000000 9c000000  ................
 3e00 85000000 96000000 83000000 73000000  ............s...
 3e10 bb000000 9e000000 6d000000 48000000  ........m...H...
 3e20 49000000 8a000000 c7000000 8c000000  I...............
 3e30 83000000 8f000000 ba000000 c8000000  ................
 3e40 b6000000 8f000000 8c000000 5e000000  ............^...
 3e50 8b000000 6f000000 4a000000 47000000  ....o...J...G...
 3e60 90000000 8e000000 53000000 60000000  ........S...`...
 3e70 68000000 84000000 7d000000 74000000  h.......}...t...
 3e80 9e000000 a0000000 7a000000 ac000000  ........z.......
 3e90 84000000 8a000000 ac000000 83000000  ................
 3ea0 82000000 b4000000 6a000000 68000000  ........j...h...
 3eb0 ad000000 66000000 ab000000 b0000000  ....f...........
 3ec0 68000000 7e000000 6f000000 b1000000  h...~...o.......
 3ed0 5f000000 29000000 77000000 9b000000  _...)...w.......
 3ee0 84000000 80000000 5f000000 5d000000  ........_...]...
 3ef0 4c000000 66000000 b1000000 59000000  L...f.......Y...
 3f00 92000000 59000000 3f000000 b6000000  ....Y...?.......
 3f10 d3000000 65000000 47000000 4c000000  ....e...G...L...
 3f20 85000000 45000000 70000000 8c000000  ....E...p.......
 3f30 a0000000 5c000000 6b000000 80000000  ....\...k.......
 3f40 a9000000 9d000000 8c000000 6d000000  ............m...
 3f50 c5000000 56000000 8a000000 62000000  ....V.......b...
 3f60 61000000 81000000 69000000 9a000000  a.......i.......
 3f70 3a000000 78000000 a8000000 c6000000  :...x...........
 3f80 be000000 44000000 d4000000 c2000000  ....D...........
 3f90 73000000 d4000000 81000000 78000000  s...........x...
 3fa0 75000000 93000000 70000000 68000000  u.......p...h...
 3fb0 8c000000 48000000 76000000 93000000  ....H...v.......
 3fc0 78000000 56000000 85000000 6d000000  x...V.......m...
 3fd0 a1000000 a4000000 54000000 64000000  ........T...d...
 3fe0 7e000000 ab000000 b7000000 9c000000  ~...............
 3ff0 d8000000 af000000 a7000000 85000000  ................
 4000 50000000 5e000000 7e000000 37000000  P...^...~...7...
 4010 85000000 64000000 75000000 1e000000  ....d...u.......
 4020 73000000 90000000 d5000000 bb000000  s...............
 4030 2e000000 bb000000 75000000 3d000000  ........u...=...
 4040 1b000000 27000000 5b000000 6e000000  ....'...[...n...
 4050 ff000000 2d000000 91000000 ba000000  ....-...........
 4060 73000000 f1000000 9b000000 a3000000  s...............
 4070 1e000000 3c000000 2b000000 17000000  ....<...+.......
 4080 de000000 e9000000 2a000000 7a000000  ........*...z...
 4090 1e000000 5d000000 8b000000 19000000  ....]...........
 40a0 89000000 d9000000 6d000000 a9000000  ........m.......
 40b0 ea000000 2e000000 d0000000 7e000000  ............~...
 40c0 be000000 d8000000 17000000 69000000  ............i...
 40d0 80000000 d1000000 49000000 20000000  ........I... ...
 40e0 d2000000 47000000 a5000000 34000000  ....G.......4...
 40f0 c6000000 60000000 3f000000 00000000  ....`...?.......
 4100 d1000000 5f000000 26000000 22000000  ...._...&..."...
 4110 7f000000 bd000000 68000000 1f000000  ........h.......
 4120 cb000000 93000000 59000000 72000000  ........Y...r...
 4130 25000000 35000000 32000000 a9000000  %...5...2.......
 4140 f4000000 e3000000 3e000000 6d000000  ........>...m...
 4150 9a000000 f1000000 a2000000 99000000  ................
 4160 ca000000 39000000 59000000 e3000000  ....9...Y.......
 4170 d8000000 cf000000 64000000 83000000  ........d.......
 4180 60000000 ce000000 9c000000 dd000000  `...............
 4190 19000000 58000000 57000000 de000000  ....X...W.......
 41a0 4a000000 73000000 3a000000 94000000  J...s...:.......
 41b0 29000000 f2000000 a6000000 63000000  )...........c...
 41c0 c1000000 ce000000 c9000000 51000000  ............Q...
 41d0 d5000000 f4000000 dd000000 47000000  ............G...
 41e0 a2000000 95000000 5d000000 a8000000  ........].......
 41f0 78000000 88000000 ba000000 86000000  x...............
 4200 95000000 b2000000 df000000 97000000  ................
 4210 18000000 a8000000 d3000000 00000000  ................
 4220 3d000000 57000000 3d000000 ac000000  =...W...=.......
 4230 35000000 c5000000 33000000 e3000000  5.......3.......
 4240 50000000 9f000000 2c000000 0e000000  P.......,.......
 4250 dd000000 5d000000 bc000000 78000000  ....].......x...
 4260 41000000 16000000 2a000000 b8000000  A.......*.......
 4270 96000000 a1000000 d8000000 5a000000  ............Z...
 4280 a2000000 a3000000 2b000000 81000000  ........+.......
 4290 52000000 36000000 71000000 dc000000  R...6...q.......
 42a0 4d000000 7f000000 75000000 01000000  M.......u.......
 42b0 06000000 1b000000 49000000 7b000000  ........I...{...
 42c0 a2000000 ff000000 d7000000 d0000000  ................
 42d0 66000000 9d000000 1f000000 cd000000  f...............
 42e0 16000000 8d000000 5e000000 ad000000  ........^.......
 42f0 83000000 6e000000 61000000 56000000  ....n...a...V...
 4300 13000000 2e000000 4c000000 b4000000  ........L.......
 4310 49000000 6e000000 6e000000 dc000000  I...n...n.......
 4320 a1000000 4f000000 d8000000 52000000  ....O.......R...
 4330 a8000000 56000000 e9000000 81000000  ....V...........
 4340 19000000 50000000 3c000000 bb000000  ....P...<.......
